#
# There is insufficient memory for the Java Runtime Environment to continue.
# Native memory allocation (malloc) failed to allocate 1516336 bytes for Chunk::new
# Possible reasons:
#   The system is out of physical RAM or swap space
#   The process is running with CompressedOops enabled, and the Java Heap may be blocking the growth of the native heap
# Possible solutions:
#   Reduce memory load on the system
#   Increase physical memory or swap space
#   Check if swap backing store is full
#   Decrease Java heap size (-Xmx/-Xms)
#   Decrease number of Java threads
#   Decrease Java thread stack sizes (-Xss)
#   Set larger code cache with -XX:ReservedCodeCacheSize=
#   JVM is running with Unscaled Compressed Oops mode in which the Java heap is
#     placed in the first 4GB address space. The Java Heap base address is the
#     maximum limit for the native heap growth. Please use -XX:HeapBaseMinAddress
#     to set the Java Heap base and to place the Java Heap above 4GB virtual address.
# This output file may be truncated or incomplete.
#
#  Out of Memory Error (src/hotspot/share/memory/arena.cpp:197), pid=10708, tid=12552
#
# JRE version: OpenJDK Runtime Environment JBR-11.0.13.8-1890.3-jcef (11.0.13+8) (build 11.0.13+8-b1890.3)
# Java VM: OpenJDK 64-Bit Server VM JBR-11.0.13.8-1890.3-jcef (11.0.13+8-b1890.3, mixed mode, tiered, compressed oops, g1 gc, windows-amd64)
# No core dump will be written. Minidumps are not enabled by default on client versions of Windows
#

---------------  S U M M A R Y ------------

Command Line: --add-opens=java.base/java.util=ALL-UNNAMED --add-opens=java.base/java.lang=ALL-UNNAMED --add-opens=java.base/java.lang.invoke=ALL-UNNAMED --add-opens=java.prefs/java.util.prefs=ALL-UNNAMED -XX:MaxMetaspaceSize=256m -XX:+HeapDumpOnOutOfMemoryError -Xms256m -Xmx512m -Dfile.encoding=windows-1251 -Duser.country=RU -Duser.language=ru -Duser.variant org.gradle.launcher.daemon.bootstrap.GradleDaemon 6.8

Host: Intel(R) Core(TM) i5-8265U CPU @ 1.60GHz, 8 cores, 7G,  Windows 10 , 64 bit Build 17763 (10.0.17763.1339)
Time: Sat Dec  3 16:57:25 2022 RTZ 2 (ceia) elapsed time: 29.036283 seconds (0d 0h 0m 29s)

---------------  T H R E A D  ---------------

Current thread (0x0000022c5442a800):  JavaThread "C2 CompilerThread0" daemon [_thread_in_native, id=12552, stack(0x00000080c1c00000,0x00000080c1d00000)]


Current CompileTask:
C2:  29039 3422   !   4       java.net.URLClassLoader$1::run (81 bytes)

Stack: [0x00000080c1c00000,0x00000080c1d00000]
Native frames: (J=compiled Java code, j=interpreted, Vv=VM code, C=native code)
V  [jvm.dll+0x613daa]


---------------  P R O C E S S  ---------------

Threads class SMR info:
_java_thread_list=0x0000022c5901ec30, length=31, elements={
0x0000022c37a37000, 0x0000022c543cd800, 0x0000022c543c3800, 0x0000022c54419000,
0x0000022c5441a000, 0x0000022c5441b000, 0x0000022c5442a800, 0x0000022c54452000,
0x0000022c54455000, 0x0000022c545c7800, 0x0000022c55f82000, 0x0000022c55ebe000,
0x0000022c56049000, 0x0000022c54ab7800, 0x0000022c54ab5000, 0x0000022c56564800,
0x0000022c55221000, 0x0000022c54e62800, 0x0000022c565db000, 0x0000022c55bac000,
0x0000022c55f6b800, 0x0000022c55f6c000, 0x0000022c55f6a800, 0x0000022c55f69800,
0x0000022c571ca800, 0x0000022c571d0800, 0x0000022c571cc800, 0x0000022c571cf000,
0x0000022c571cd000, 0x0000022c571ce000, 0x0000022c571d1800
}

Java Threads: ( => current thread )
  0x0000022c37a37000 JavaThread "main" [_thread_blocked, id=12972, stack(0x00000080c1000000,0x00000080c1100000)]
  0x0000022c543cd800 JavaThread "Reference Handler" daemon [_thread_blocked, id=5288, stack(0x00000080c1700000,0x00000080c1800000)]
  0x0000022c543c3800 JavaThread "Finalizer" daemon [_thread_blocked, id=15728, stack(0x00000080c1800000,0x00000080c1900000)]
  0x0000022c54419000 JavaThread "Signal Dispatcher" daemon [_thread_blocked, id=1988, stack(0x00000080c1900000,0x00000080c1a00000)]
  0x0000022c5441a000 JavaThread "Attach Listener" daemon [_thread_blocked, id=17628, stack(0x00000080c1a00000,0x00000080c1b00000)]
  0x0000022c5441b000 JavaThread "Service Thread" daemon [_thread_blocked, id=17992, stack(0x00000080c1b00000,0x00000080c1c00000)]
=>0x0000022c5442a800 JavaThread "C2 CompilerThread0" daemon [_thread_in_native, id=12552, stack(0x00000080c1c00000,0x00000080c1d00000)]
  0x0000022c54452000 JavaThread "C1 CompilerThread0" daemon [_thread_in_native, id=15736, stack(0x00000080c1d00000,0x00000080c1e00000)]
  0x0000022c54455000 JavaThread "Sweeper thread" daemon [_thread_blocked, id=9808, stack(0x00000080c1e00000,0x00000080c1f00000)]
  0x0000022c545c7800 JavaThread "Common-Cleaner" daemon [_thread_blocked, id=4048, stack(0x00000080c1f00000,0x00000080c2000000)]
  0x0000022c55f82000 JavaThread "Daemon health stats" [_thread_blocked, id=16124, stack(0x00000080c2600000,0x00000080c2700000)]
  0x0000022c55ebe000 JavaThread "Incoming local TCP Connector on port 54780" [_thread_in_native, id=1308, stack(0x00000080c2900000,0x00000080c2a00000)]
  0x0000022c56049000 JavaThread "Daemon periodic checks" [_thread_blocked, id=7080, stack(0x00000080c2a00000,0x00000080c2b00000)]
  0x0000022c54ab7800 JavaThread "Daemon" [_thread_blocked, id=17180, stack(0x00000080c2b00000,0x00000080c2c00000)]
  0x0000022c54ab5000 JavaThread "Handler for socket connection from /127.0.0.1:54780 to /127.0.0.1:54781" [_thread_in_native, id=17380, stack(0x00000080c2c00000,0x00000080c2d00000)]
  0x0000022c56564800 JavaThread "Cancel handler" [_thread_blocked, id=14892, stack(0x00000080c2d00000,0x00000080c2e00000)]
  0x0000022c55221000 JavaThread "Daemon worker" [_thread_in_Java, id=1440, stack(0x00000080c2e00000,0x00000080c2f00000)]
  0x0000022c54e62800 JavaThread "Asynchronous log dispatcher for DefaultDaemonConnection: socket connection from /127.0.0.1:54780 to /127.0.0.1:54781" [_thread_blocked, id=15940, stack(0x00000080c2f00000,0x00000080c3000000)]
  0x0000022c565db000 JavaThread "Stdin handler" [_thread_blocked, id=16508, stack(0x00000080c3000000,0x00000080c3100000)]
  0x0000022c55bac000 JavaThread "Daemon client event forwarder" [_thread_blocked, id=18336, stack(0x00000080c3100000,0x00000080c3200000)]
  0x0000022c55f6b800 JavaThread "Cache worker for file hash cache (C:\Users\Julia\.gradle\caches\6.8\fileHashes)" [_thread_blocked, id=2972, stack(0x00000080c3400000,0x00000080c3500000)]
  0x0000022c55f6c000 JavaThread "File lock request listener" [_thread_in_native, id=9776, stack(0x00000080c3500000,0x00000080c3600000)]
  0x0000022c55f6a800 JavaThread "Cache worker for journal cache (C:\Users\Julia\.gradle\caches\journal-1)" [_thread_blocked, id=10352, stack(0x00000080c3700000,0x00000080c3800000)]
  0x0000022c55f69800 JavaThread "Cache worker for file hash cache (C:\Users\Julia\AndroidStudioProjects\labs3_4_6\.gradle\6.8\fileHashes)" [_thread_blocked, id=17824, stack(0x00000080c3800000,0x00000080c3900000)]
  0x0000022c571ca800 JavaThread "Cache worker for checksums cache (C:\Users\Julia\AndroidStudioProjects\labs3_4_6\.gradle\checksums)" [_thread_blocked, id=11524, stack(0x00000080c3900000,0x00000080c3a00000)]
  0x0000022c571d0800 JavaThread "Cache worker for cache directory md-supplier (C:\Users\Julia\.gradle\caches\6.8\md-supplier)" [_thread_blocked, id=16608, stack(0x00000080c3a00000,0x00000080c3b00000)]
  0x0000022c571cc800 JavaThread "Cache worker for cache directory md-rule (C:\Users\Julia\.gradle\caches\6.8\md-rule)" [_thread_blocked, id=17704, stack(0x00000080c3b00000,0x00000080c3c00000)]
  0x0000022c571cf000 JavaThread "Cache worker for execution history cache (C:\Users\Julia\.gradle\caches\6.8\executionHistory)" [_thread_blocked, id=5304, stack(0x00000080c3c00000,0x00000080c3d00000)]
  0x0000022c571cd000 JavaThread "jar transforms" [_thread_blocked, id=6872, stack(0x00000080c3d00000,0x00000080c3e00000)]
  0x0000022c571ce000 JavaThread "Cache worker for file content cache (C:\Users\Julia\.gradle\caches\6.8\fileContent)" [_thread_blocked, id=4340, stack(0x00000080c3e00000,0x00000080c3f00000)]
  0x0000022c571d1800 JavaThread "Cache worker for Build Output Cleanup Cache (C:\Users\Julia\AndroidStudioProjects\labs3_4_6\.gradle\buildOutputCleanup)" [_thread_blocked, id=1820, stack(0x00000080c3f00000,0x00000080c4000000)]

Other Threads:
  0x0000022c54397000 VMThread "VM Thread" [stack: 0x00000080c1600000,0x00000080c1700000] [id=5748]
  0x0000022c545cf800 WatcherThread [stack: 0x00000080c2000000,0x00000080c2100000] [id=11692]
  0x0000022c37a50000 GCTaskThread "GC Thread#0" [stack: 0x00000080c1100000,0x00000080c1200000] [id=17716]
  0x0000022c54db6800 GCTaskThread "GC Thread#1" [stack: 0x00000080c2100000,0x00000080c2200000] [id=18228]
  0x0000022c552ac000 GCTaskThread "GC Thread#2" [stack: 0x00000080c2200000,0x00000080c2300000] [id=14208]
  0x0000022c5506b000 GCTaskThread "GC Thread#3" [stack: 0x00000080c2300000,0x00000080c2400000] [id=14740]
  0x0000022c551fa800 GCTaskThread "GC Thread#4" [stack: 0x00000080c2400000,0x00000080c2500000] [id=2192]
  0x0000022c54518000 GCTaskThread "GC Thread#5" [stack: 0x00000080c2500000,0x00000080c2600000] [id=5428]
  0x0000022c55bfa000 GCTaskThread "GC Thread#6" [stack: 0x00000080c3200000,0x00000080c3300000] [id=17532]
  0x0000022c55c00800 GCTaskThread "GC Thread#7" [stack: 0x00000080c3300000,0x00000080c3400000] [id=7772]
  0x0000022c37a63800 ConcurrentGCThread "G1 Main Marker" [stack: 0x00000080c1200000,0x00000080c1300000] [id=10824]
  0x0000022c37a66000 ConcurrentGCThread "G1 Conc#0" [stack: 0x00000080c1300000,0x00000080c1400000] [id=17328]
  0x0000022c55222000 ConcurrentGCThread "G1 Conc#1" [stack: 0x00000080c3600000,0x00000080c3700000] [id=17936]
  0x0000022c53a34800 ConcurrentGCThread "G1 Refine#0" [stack: 0x00000080c1400000,0x00000080c1500000] [id=16848]
  0x0000022c37abe800 ConcurrentGCThread "G1 Young RemSet Sampling" [stack: 0x00000080c1500000,0x00000080c1600000] [id=18340]

Threads with active compile tasks:
C2 CompilerThread0  29221 3422   !   4       java.net.URLClassLoader$1::run (81 bytes)

VM state:not at safepoint (normal execution)

VM Mutex/Monitor currently owned by a thread: None

Heap address: 0x00000000e0000000, size: 512 MB, Compressed Oops mode: 32-bit
Narrow klass base: 0x0000000000000000, Narrow klass shift: 3
Compressed class space size: 260046848 Address: 0x0000000100000000

Heap:
 garbage-first heap   total 262144K, used 154137K [0x00000000e0000000, 0x0000000100000000)
  region size 1024K, 138 young (141312K), 10 survivors (10240K)
 Metaspace       used 48308K, capacity 49250K, committed 49404K, reserved 296960K
  class space    used 5991K, capacity 6357K, committed 6476K, reserved 253952K
Heap Regions: E=young(eden), S=young(survivor), O=old, HS=humongous(starts), HC=humongous(continues), CS=collection set, F=free, A=archive, TAMS=top-at-mark-start (previous, next)
|   0|0x00000000e0000000, 0x00000000e0100000, 0x00000000e0100000|100%| O|  |TAMS 0x00000000e0100000, 0x00000000e0000000| Untracked 
|   1|0x00000000e0100000, 0x00000000e0200000, 0x00000000e0200000|100%| O|  |TAMS 0x00000000e0200000, 0x00000000e0100000| Untracked 
|   2|0x00000000e0200000, 0x00000000e0300000, 0x00000000e0300000|100%| O|  |TAMS 0x00000000e0300000, 0x00000000e0200000| Untracked 
|   3|0x00000000e0300000, 0x00000000e0400000, 0x00000000e0400000|100%|HS|  |TAMS 0x00000000e0400000, 0x00000000e0300000| Complete 
|   4|0x00000000e0400000, 0x00000000e0500000, 0x00000000e0500000|100%|HC|  |TAMS 0x00000000e0500000, 0x00000000e0400000| Complete 
|   5|0x00000000e0500000, 0x00000000e0600000, 0x00000000e0600000|100%|HC|  |TAMS 0x00000000e0600000, 0x00000000e0500000| Complete 
|   6|0x00000000e0600000, 0x00000000e0700000, 0x00000000e0700000|100%| O|  |TAMS 0x00000000e0700000, 0x00000000e0600000| Untracked 
|   7|0x00000000e0700000, 0x00000000e0800000, 0x00000000e0800000|100%| O|  |TAMS 0x00000000e0800000, 0x00000000e0700000| Untracked 
|   8|0x00000000e0800000, 0x00000000e0900000, 0x00000000e0900000|100%| O|  |TAMS 0x00000000e0900000, 0x00000000e0800000| Untracked 
|   9|0x00000000e0900000, 0x00000000e0a00000, 0x00000000e0a00000|100%| O|  |TAMS 0x00000000e0a00000, 0x00000000e0900000| Untracked 
|  10|0x00000000e0a00000, 0x00000000e0a86600, 0x00000000e0b00000| 52%| O|  |TAMS 0x00000000e0a86600, 0x00000000e0a00000| Untracked 
|  11|0x00000000e0b00000, 0x00000000e0c00000, 0x00000000e0c00000|100%|HS|  |TAMS 0x00000000e0b00000, 0x00000000e0b00000| Complete 
|  12|0x00000000e0c00000, 0x00000000e0d00000, 0x00000000e0d00000|100%|HS|  |TAMS 0x00000000e0c00000, 0x00000000e0c00000| Complete 
|  13|0x00000000e0d00000, 0x00000000e0e00000, 0x00000000e0e00000|100%|HC|  |TAMS 0x00000000e0d00000, 0x00000000e0d00000| Complete 
|  14|0x00000000e0e00000, 0x00000000e0f00000, 0x00000000e0f00000|100%|HS|  |TAMS 0x00000000e0e00000, 0x00000000e0e00000| Complete 
|  15|0x00000000e0f00000, 0x00000000e0f00000, 0x00000000e1000000|  0%| F|  |TAMS 0x00000000e0f00000, 0x00000000e0f00000| Untracked 
|  16|0x00000000e1000000, 0x00000000e1000000, 0x00000000e1100000|  0%| F|  |TAMS 0x00000000e1000000, 0x00000000e1000000| Untracked 
|  17|0x00000000e1100000, 0x00000000e1100000, 0x00000000e1200000|  0%| F|  |TAMS 0x00000000e1100000, 0x00000000e1100000| Untracked 
|  18|0x00000000e1200000, 0x00000000e1200000, 0x00000000e1300000|  0%| F|  |TAMS 0x00000000e1200000, 0x00000000e1200000| Untracked 
|  19|0x00000000e1300000, 0x00000000e1300000, 0x00000000e1400000|  0%| F|  |TAMS 0x00000000e1300000, 0x00000000e1300000| Untracked 
|  20|0x00000000e1400000, 0x00000000e1400000, 0x00000000e1500000|  0%| F|  |TAMS 0x00000000e1400000, 0x00000000e1400000| Untracked 
|  21|0x00000000e1500000, 0x00000000e1500000, 0x00000000e1600000|  0%| F|  |TAMS 0x00000000e1500000, 0x00000000e1500000| Untracked 
|  22|0x00000000e1600000, 0x00000000e1600000, 0x00000000e1700000|  0%| F|  |TAMS 0x00000000e1600000, 0x00000000e1600000| Untracked 
|  23|0x00000000e1700000, 0x00000000e1700000, 0x00000000e1800000|  0%| F|  |TAMS 0x00000000e1700000, 0x00000000e1700000| Untracked 
|  24|0x00000000e1800000, 0x00000000e1800000, 0x00000000e1900000|  0%| F|  |TAMS 0x00000000e1800000, 0x00000000e1800000| Untracked 
|  25|0x00000000e1900000, 0x00000000e1900000, 0x00000000e1a00000|  0%| F|  |TAMS 0x00000000e1900000, 0x00000000e1900000| Untracked 
|  26|0x00000000e1a00000, 0x00000000e1a00000, 0x00000000e1b00000|  0%| F|  |TAMS 0x00000000e1a00000, 0x00000000e1a00000| Untracked 
|  27|0x00000000e1b00000, 0x00000000e1b00000, 0x00000000e1c00000|  0%| F|  |TAMS 0x00000000e1b00000, 0x00000000e1b00000| Untracked 
|  28|0x00000000e1c00000, 0x00000000e1c00000, 0x00000000e1d00000|  0%| F|  |TAMS 0x00000000e1c00000, 0x00000000e1c00000| Untracked 
|  29|0x00000000e1d00000, 0x00000000e1d00000, 0x00000000e1e00000|  0%| F|  |TAMS 0x00000000e1d00000, 0x00000000e1d00000| Untracked 
|  30|0x00000000e1e00000, 0x00000000e1e00000, 0x00000000e1f00000|  0%| F|  |TAMS 0x00000000e1e00000, 0x00000000e1e00000| Untracked 
|  31|0x00000000e1f00000, 0x00000000e1f00000, 0x00000000e2000000|  0%| F|  |TAMS 0x00000000e1f00000, 0x00000000e1f00000| Untracked 
|  32|0x00000000e2000000, 0x00000000e2000000, 0x00000000e2100000|  0%| F|  |TAMS 0x00000000e2000000, 0x00000000e2000000| Untracked 
|  33|0x00000000e2100000, 0x00000000e2100000, 0x00000000e2200000|  0%| F|  |TAMS 0x00000000e2100000, 0x00000000e2100000| Untracked 
|  34|0x00000000e2200000, 0x00000000e2200000, 0x00000000e2300000|  0%| F|  |TAMS 0x00000000e2200000, 0x00000000e2200000| Untracked 
|  35|0x00000000e2300000, 0x00000000e2300000, 0x00000000e2400000|  0%| F|  |TAMS 0x00000000e2300000, 0x00000000e2300000| Untracked 
|  36|0x00000000e2400000, 0x00000000e2400000, 0x00000000e2500000|  0%| F|  |TAMS 0x00000000e2400000, 0x00000000e2400000| Untracked 
|  37|0x00000000e2500000, 0x00000000e2500000, 0x00000000e2600000|  0%| F|  |TAMS 0x00000000e2500000, 0x00000000e2500000| Untracked 
|  38|0x00000000e2600000, 0x00000000e2600000, 0x00000000e2700000|  0%| F|  |TAMS 0x00000000e2600000, 0x00000000e2600000| Untracked 
|  39|0x00000000e2700000, 0x00000000e2700000, 0x00000000e2800000|  0%| F|  |TAMS 0x00000000e2700000, 0x00000000e2700000| Untracked 
|  40|0x00000000e2800000, 0x00000000e2800000, 0x00000000e2900000|  0%| F|  |TAMS 0x00000000e2800000, 0x00000000e2800000| Untracked 
|  41|0x00000000e2900000, 0x00000000e2900000, 0x00000000e2a00000|  0%| F|  |TAMS 0x00000000e2900000, 0x00000000e2900000| Untracked 
|  42|0x00000000e2a00000, 0x00000000e2a00000, 0x00000000e2b00000|  0%| F|  |TAMS 0x00000000e2a00000, 0x00000000e2a00000| Untracked 
|  43|0x00000000e2b00000, 0x00000000e2b00000, 0x00000000e2c00000|  0%| F|  |TAMS 0x00000000e2b00000, 0x00000000e2b00000| Untracked 
|  44|0x00000000e2c00000, 0x00000000e2c00000, 0x00000000e2d00000|  0%| F|  |TAMS 0x00000000e2c00000, 0x00000000e2c00000| Untracked 
|  45|0x00000000e2d00000, 0x00000000e2d00000, 0x00000000e2e00000|  0%| F|  |TAMS 0x00000000e2d00000, 0x00000000e2d00000| Untracked 
|  46|0x00000000e2e00000, 0x00000000e2e00000, 0x00000000e2f00000|  0%| F|  |TAMS 0x00000000e2e00000, 0x00000000e2e00000| Untracked 
|  47|0x00000000e2f00000, 0x00000000e2f00000, 0x00000000e3000000|  0%| F|  |TAMS 0x00000000e2f00000, 0x00000000e2f00000| Untracked 
|  48|0x00000000e3000000, 0x00000000e3000000, 0x00000000e3100000|  0%| F|  |TAMS 0x00000000e3000000, 0x00000000e3000000| Untracked 
|  49|0x00000000e3100000, 0x00000000e3100000, 0x00000000e3200000|  0%| F|  |TAMS 0x00000000e3100000, 0x00000000e3100000| Untracked 
|  50|0x00000000e3200000, 0x00000000e3200000, 0x00000000e3300000|  0%| F|  |TAMS 0x00000000e3200000, 0x00000000e3200000| Untracked 
|  51|0x00000000e3300000, 0x00000000e3300000, 0x00000000e3400000|  0%| F|  |TAMS 0x00000000e3300000, 0x00000000e3300000| Untracked 
|  52|0x00000000e3400000, 0x00000000e3400000, 0x00000000e3500000|  0%| F|  |TAMS 0x00000000e3400000, 0x00000000e3400000| Untracked 
|  53|0x00000000e3500000, 0x00000000e3500000, 0x00000000e3600000|  0%| F|  |TAMS 0x00000000e3500000, 0x00000000e3500000| Untracked 
|  54|0x00000000e3600000, 0x00000000e3600000, 0x00000000e3700000|  0%| F|  |TAMS 0x00000000e3600000, 0x00000000e3600000| Untracked 
|  55|0x00000000e3700000, 0x00000000e3700000, 0x00000000e3800000|  0%| F|  |TAMS 0x00000000e3700000, 0x00000000e3700000| Untracked 
|  56|0x00000000e3800000, 0x00000000e3800000, 0x00000000e3900000|  0%| F|  |TAMS 0x00000000e3800000, 0x00000000e3800000| Untracked 
|  57|0x00000000e3900000, 0x00000000e3900000, 0x00000000e3a00000|  0%| F|  |TAMS 0x00000000e3900000, 0x00000000e3900000| Untracked 
|  58|0x00000000e3a00000, 0x00000000e3a00000, 0x00000000e3b00000|  0%| F|  |TAMS 0x00000000e3a00000, 0x00000000e3a00000| Untracked 
|  59|0x00000000e3b00000, 0x00000000e3b00000, 0x00000000e3c00000|  0%| F|  |TAMS 0x00000000e3b00000, 0x00000000e3b00000| Untracked 
|  60|0x00000000e3c00000, 0x00000000e3c00000, 0x00000000e3d00000|  0%| F|  |TAMS 0x00000000e3c00000, 0x00000000e3c00000| Untracked 
|  61|0x00000000e3d00000, 0x00000000e3d00000, 0x00000000e3e00000|  0%| F|  |TAMS 0x00000000e3d00000, 0x00000000e3d00000| Untracked 
|  62|0x00000000e3e00000, 0x00000000e3e00000, 0x00000000e3f00000|  0%| F|  |TAMS 0x00000000e3e00000, 0x00000000e3e00000| Untracked 
|  63|0x00000000e3f00000, 0x00000000e3f00000, 0x00000000e4000000|  0%| F|  |TAMS 0x00000000e3f00000, 0x00000000e3f00000| Untracked 
|  64|0x00000000e4000000, 0x00000000e4000000, 0x00000000e4100000|  0%| F|  |TAMS 0x00000000e4000000, 0x00000000e4000000| Untracked 
|  65|0x00000000e4100000, 0x00000000e4100000, 0x00000000e4200000|  0%| F|  |TAMS 0x00000000e4100000, 0x00000000e4100000| Untracked 
|  66|0x00000000e4200000, 0x00000000e4200000, 0x00000000e4300000|  0%| F|  |TAMS 0x00000000e4200000, 0x00000000e4200000| Untracked 
|  67|0x00000000e4300000, 0x00000000e4300000, 0x00000000e4400000|  0%| F|  |TAMS 0x00000000e4300000, 0x00000000e4300000| Untracked 
|  68|0x00000000e4400000, 0x00000000e4400000, 0x00000000e4500000|  0%| F|  |TAMS 0x00000000e4400000, 0x00000000e4400000| Untracked 
|  69|0x00000000e4500000, 0x00000000e4500000, 0x00000000e4600000|  0%| F|  |TAMS 0x00000000e4500000, 0x00000000e4500000| Untracked 
|  70|0x00000000e4600000, 0x00000000e4600000, 0x00000000e4700000|  0%| F|  |TAMS 0x00000000e4600000, 0x00000000e4600000| Untracked 
|  71|0x00000000e4700000, 0x00000000e4700000, 0x00000000e4800000|  0%| F|  |TAMS 0x00000000e4700000, 0x00000000e4700000| Untracked 
|  72|0x00000000e4800000, 0x00000000e4800000, 0x00000000e4900000|  0%| F|  |TAMS 0x00000000e4800000, 0x00000000e4800000| Untracked 
|  73|0x00000000e4900000, 0x00000000e4900000, 0x00000000e4a00000|  0%| F|  |TAMS 0x00000000e4900000, 0x00000000e4900000| Untracked 
|  74|0x00000000e4a00000, 0x00000000e4a00000, 0x00000000e4b00000|  0%| F|  |TAMS 0x00000000e4a00000, 0x00000000e4a00000| Untracked 
|  75|0x00000000e4b00000, 0x00000000e4b00000, 0x00000000e4c00000|  0%| F|  |TAMS 0x00000000e4b00000, 0x00000000e4b00000| Untracked 
|  76|0x00000000e4c00000, 0x00000000e4c00000, 0x00000000e4d00000|  0%| F|  |TAMS 0x00000000e4c00000, 0x00000000e4c00000| Untracked 
|  77|0x00000000e4d00000, 0x00000000e4d00000, 0x00000000e4e00000|  0%| F|  |TAMS 0x00000000e4d00000, 0x00000000e4d00000| Untracked 
|  78|0x00000000e4e00000, 0x00000000e4e00000, 0x00000000e4f00000|  0%| F|  |TAMS 0x00000000e4e00000, 0x00000000e4e00000| Untracked 
|  79|0x00000000e4f00000, 0x00000000e4f00000, 0x00000000e5000000|  0%| F|  |TAMS 0x00000000e4f00000, 0x00000000e4f00000| Untracked 
|  80|0x00000000e5000000, 0x00000000e5000000, 0x00000000e5100000|  0%| F|  |TAMS 0x00000000e5000000, 0x00000000e5000000| Untracked 
|  81|0x00000000e5100000, 0x00000000e5100000, 0x00000000e5200000|  0%| F|  |TAMS 0x00000000e5100000, 0x00000000e5100000| Untracked 
|  82|0x00000000e5200000, 0x00000000e5200000, 0x00000000e5300000|  0%| F|  |TAMS 0x00000000e5200000, 0x00000000e5200000| Untracked 
|  83|0x00000000e5300000, 0x00000000e5300000, 0x00000000e5400000|  0%| F|  |TAMS 0x00000000e5300000, 0x00000000e5300000| Untracked 
|  84|0x00000000e5400000, 0x00000000e5400000, 0x00000000e5500000|  0%| F|  |TAMS 0x00000000e5400000, 0x00000000e5400000| Untracked 
|  85|0x00000000e5500000, 0x00000000e5500000, 0x00000000e5600000|  0%| F|  |TAMS 0x00000000e5500000, 0x00000000e5500000| Untracked 
|  86|0x00000000e5600000, 0x00000000e5600000, 0x00000000e5700000|  0%| F|  |TAMS 0x00000000e5600000, 0x00000000e5600000| Untracked 
|  87|0x00000000e5700000, 0x00000000e5700000, 0x00000000e5800000|  0%| F|  |TAMS 0x00000000e5700000, 0x00000000e5700000| Untracked 
|  88|0x00000000e5800000, 0x00000000e5800000, 0x00000000e5900000|  0%| F|  |TAMS 0x00000000e5800000, 0x00000000e5800000| Untracked 
|  89|0x00000000e5900000, 0x00000000e5900000, 0x00000000e5a00000|  0%| F|  |TAMS 0x00000000e5900000, 0x00000000e5900000| Untracked 
|  90|0x00000000e5a00000, 0x00000000e5a00000, 0x00000000e5b00000|  0%| F|  |TAMS 0x00000000e5a00000, 0x00000000e5a00000| Untracked 
|  91|0x00000000e5b00000, 0x00000000e5b00000, 0x00000000e5c00000|  0%| F|  |TAMS 0x00000000e5b00000, 0x00000000e5b00000| Untracked 
|  92|0x00000000e5c00000, 0x00000000e5c00000, 0x00000000e5d00000|  0%| F|  |TAMS 0x00000000e5c00000, 0x00000000e5c00000| Untracked 
|  93|0x00000000e5d00000, 0x00000000e5d00000, 0x00000000e5e00000|  0%| F|  |TAMS 0x00000000e5d00000, 0x00000000e5d00000| Untracked 
|  94|0x00000000e5e00000, 0x00000000e5e00000, 0x00000000e5f00000|  0%| F|  |TAMS 0x00000000e5e00000, 0x00000000e5e00000| Untracked 
|  95|0x00000000e5f00000, 0x00000000e5f00000, 0x00000000e6000000|  0%| F|  |TAMS 0x00000000e5f00000, 0x00000000e5f00000| Untracked 
|  96|0x00000000e6000000, 0x00000000e6000000, 0x00000000e6100000|  0%| F|  |TAMS 0x00000000e6000000, 0x00000000e6000000| Untracked 
|  97|0x00000000e6100000, 0x00000000e6100000, 0x00000000e6200000|  0%| F|  |TAMS 0x00000000e6100000, 0x00000000e6100000| Untracked 
|  98|0x00000000e6200000, 0x00000000e6200000, 0x00000000e6300000|  0%| F|  |TAMS 0x00000000e6200000, 0x00000000e6200000| Untracked 
|  99|0x00000000e6300000, 0x00000000e6300000, 0x00000000e6400000|  0%| F|  |TAMS 0x00000000e6300000, 0x00000000e6300000| Untracked 
| 100|0x00000000e6400000, 0x00000000e6400000, 0x00000000e6500000|  0%| F|  |TAMS 0x00000000e6400000, 0x00000000e6400000| Untracked 
| 101|0x00000000e6500000, 0x00000000e6500000, 0x00000000e6600000|  0%| F|  |TAMS 0x00000000e6500000, 0x00000000e6500000| Untracked 
| 102|0x00000000e6600000, 0x00000000e6600000, 0x00000000e6700000|  0%| F|  |TAMS 0x00000000e6600000, 0x00000000e6600000| Untracked 
| 103|0x00000000e6700000, 0x00000000e6700000, 0x00000000e6800000|  0%| F|  |TAMS 0x00000000e6700000, 0x00000000e6700000| Untracked 
| 104|0x00000000e6800000, 0x00000000e6800000, 0x00000000e6900000|  0%| F|  |TAMS 0x00000000e6800000, 0x00000000e6800000| Untracked 
| 105|0x00000000e6900000, 0x00000000e6900000, 0x00000000e6a00000|  0%| F|  |TAMS 0x00000000e6900000, 0x00000000e6900000| Untracked 
| 106|0x00000000e6a00000, 0x00000000e6a00000, 0x00000000e6b00000|  0%| F|  |TAMS 0x00000000e6a00000, 0x00000000e6a00000| Untracked 
| 107|0x00000000e6b00000, 0x00000000e6b00000, 0x00000000e6c00000|  0%| F|  |TAMS 0x00000000e6b00000, 0x00000000e6b00000| Untracked 
| 108|0x00000000e6c00000, 0x00000000e6c00000, 0x00000000e6d00000|  0%| F|  |TAMS 0x00000000e6c00000, 0x00000000e6c00000| Untracked 
| 109|0x00000000e6d00000, 0x00000000e6d00000, 0x00000000e6e00000|  0%| F|  |TAMS 0x00000000e6d00000, 0x00000000e6d00000| Untracked 
| 110|0x00000000e6e00000, 0x00000000e6e00000, 0x00000000e6f00000|  0%| F|  |TAMS 0x00000000e6e00000, 0x00000000e6e00000| Untracked 
| 111|0x00000000e6f00000, 0x00000000e6f00000, 0x00000000e7000000|  0%| F|  |TAMS 0x00000000e6f00000, 0x00000000e6f00000| Untracked 
| 112|0x00000000e7000000, 0x00000000e7000000, 0x00000000e7100000|  0%| F|  |TAMS 0x00000000e7000000, 0x00000000e7000000| Untracked 
| 113|0x00000000e7100000, 0x00000000e7100000, 0x00000000e7200000|  0%| F|  |TAMS 0x00000000e7100000, 0x00000000e7100000| Untracked 
| 114|0x00000000e7200000, 0x00000000e7200000, 0x00000000e7300000|  0%| F|  |TAMS 0x00000000e7200000, 0x00000000e7200000| Untracked 
| 115|0x00000000e7300000, 0x00000000e7300000, 0x00000000e7400000|  0%| F|  |TAMS 0x00000000e7300000, 0x00000000e7300000| Untracked 
| 116|0x00000000e7400000, 0x00000000e7500000, 0x00000000e7500000|100%| E|  |TAMS 0x00000000e7400000, 0x00000000e7400000| Complete 
| 117|0x00000000e7500000, 0x00000000e7600000, 0x00000000e7600000|100%| E|CS|TAMS 0x00000000e7500000, 0x00000000e7500000| Complete 
| 118|0x00000000e7600000, 0x00000000e7700000, 0x00000000e7700000|100%| E|CS|TAMS 0x00000000e7600000, 0x00000000e7600000| Complete 
| 119|0x00000000e7700000, 0x00000000e7800000, 0x00000000e7800000|100%| E|CS|TAMS 0x00000000e7700000, 0x00000000e7700000| Complete 
| 120|0x00000000e7800000, 0x00000000e7900000, 0x00000000e7900000|100%| E|CS|TAMS 0x00000000e7800000, 0x00000000e7800000| Complete 
| 121|0x00000000e7900000, 0x00000000e7a00000, 0x00000000e7a00000|100%| E|CS|TAMS 0x00000000e7900000, 0x00000000e7900000| Complete 
| 122|0x00000000e7a00000, 0x00000000e7b00000, 0x00000000e7b00000|100%| E|CS|TAMS 0x00000000e7a00000, 0x00000000e7a00000| Complete 
| 123|0x00000000e7b00000, 0x00000000e7c00000, 0x00000000e7c00000|100%| E|CS|TAMS 0x00000000e7b00000, 0x00000000e7b00000| Complete 
| 124|0x00000000e7c00000, 0x00000000e7d00000, 0x00000000e7d00000|100%| E|CS|TAMS 0x00000000e7c00000, 0x00000000e7c00000| Complete 
| 125|0x00000000e7d00000, 0x00000000e7e00000, 0x00000000e7e00000|100%| E|CS|TAMS 0x00000000e7d00000, 0x00000000e7d00000| Complete 
| 126|0x00000000e7e00000, 0x00000000e7f00000, 0x00000000e7f00000|100%| E|CS|TAMS 0x00000000e7e00000, 0x00000000e7e00000| Complete 
| 127|0x00000000e7f00000, 0x00000000e8000000, 0x00000000e8000000|100%| E|CS|TAMS 0x00000000e7f00000, 0x00000000e7f00000| Complete 
| 128|0x00000000e8000000, 0x00000000e8100000, 0x00000000e8100000|100%| E|CS|TAMS 0x00000000e8000000, 0x00000000e8000000| Complete 
| 129|0x00000000e8100000, 0x00000000e8200000, 0x00000000e8200000|100%| E|CS|TAMS 0x00000000e8100000, 0x00000000e8100000| Complete 
| 130|0x00000000e8200000, 0x00000000e8300000, 0x00000000e8300000|100%| E|CS|TAMS 0x00000000e8200000, 0x00000000e8200000| Complete 
| 131|0x00000000e8300000, 0x00000000e8400000, 0x00000000e8400000|100%| E|CS|TAMS 0x00000000e8300000, 0x00000000e8300000| Complete 
| 132|0x00000000e8400000, 0x00000000e8500000, 0x00000000e8500000|100%| E|CS|TAMS 0x00000000e8400000, 0x00000000e8400000| Complete 
| 133|0x00000000e8500000, 0x00000000e8600000, 0x00000000e8600000|100%| E|CS|TAMS 0x00000000e8500000, 0x00000000e8500000| Complete 
| 134|0x00000000e8600000, 0x00000000e8700000, 0x00000000e8700000|100%| E|CS|TAMS 0x00000000e8600000, 0x00000000e8600000| Complete 
| 135|0x00000000e8700000, 0x00000000e8800000, 0x00000000e8800000|100%| E|CS|TAMS 0x00000000e8700000, 0x00000000e8700000| Complete 
| 136|0x00000000e8800000, 0x00000000e8900000, 0x00000000e8900000|100%| E|CS|TAMS 0x00000000e8800000, 0x00000000e8800000| Complete 
| 137|0x00000000e8900000, 0x00000000e8a00000, 0x00000000e8a00000|100%| E|CS|TAMS 0x00000000e8900000, 0x00000000e8900000| Complete 
| 138|0x00000000e8a00000, 0x00000000e8b00000, 0x00000000e8b00000|100%| E|CS|TAMS 0x00000000e8a00000, 0x00000000e8a00000| Complete 
| 139|0x00000000e8b00000, 0x00000000e8c00000, 0x00000000e8c00000|100%| E|CS|TAMS 0x00000000e8b00000, 0x00000000e8b00000| Complete 
| 140|0x00000000e8c00000, 0x00000000e8d00000, 0x00000000e8d00000|100%| E|CS|TAMS 0x00000000e8c00000, 0x00000000e8c00000| Complete 
| 141|0x00000000e8d00000, 0x00000000e8e00000, 0x00000000e8e00000|100%| E|CS|TAMS 0x00000000e8d00000, 0x00000000e8d00000| Complete 
| 142|0x00000000e8e00000, 0x00000000e8f00000, 0x00000000e8f00000|100%| E|CS|TAMS 0x00000000e8e00000, 0x00000000e8e00000| Complete 
| 143|0x00000000e8f00000, 0x00000000e9000000, 0x00000000e9000000|100%| E|CS|TAMS 0x00000000e8f00000, 0x00000000e8f00000| Complete 
| 144|0x00000000e9000000, 0x00000000e9100000, 0x00000000e9100000|100%| E|CS|TAMS 0x00000000e9000000, 0x00000000e9000000| Complete 
| 145|0x00000000e9100000, 0x00000000e9200000, 0x00000000e9200000|100%| E|CS|TAMS 0x00000000e9100000, 0x00000000e9100000| Complete 
| 146|0x00000000e9200000, 0x00000000e9300000, 0x00000000e9300000|100%| E|CS|TAMS 0x00000000e9200000, 0x00000000e9200000| Complete 
| 147|0x00000000e9300000, 0x00000000e9400000, 0x00000000e9400000|100%| E|CS|TAMS 0x00000000e9300000, 0x00000000e9300000| Complete 
| 148|0x00000000e9400000, 0x00000000e9500000, 0x00000000e9500000|100%| E|CS|TAMS 0x00000000e9400000, 0x00000000e9400000| Complete 
| 149|0x00000000e9500000, 0x00000000e9600000, 0x00000000e9600000|100%| E|CS|TAMS 0x00000000e9500000, 0x00000000e9500000| Complete 
| 150|0x00000000e9600000, 0x00000000e9700000, 0x00000000e9700000|100%| E|CS|TAMS 0x00000000e9600000, 0x00000000e9600000| Complete 
| 151|0x00000000e9700000, 0x00000000e9800000, 0x00000000e9800000|100%| E|CS|TAMS 0x00000000e9700000, 0x00000000e9700000| Complete 
| 152|0x00000000e9800000, 0x00000000e9900000, 0x00000000e9900000|100%| E|CS|TAMS 0x00000000e9800000, 0x00000000e9800000| Complete 
| 153|0x00000000e9900000, 0x00000000e9a00000, 0x00000000e9a00000|100%| E|CS|TAMS 0x00000000e9900000, 0x00000000e9900000| Complete 
| 154|0x00000000e9a00000, 0x00000000e9b00000, 0x00000000e9b00000|100%| E|CS|TAMS 0x00000000e9a00000, 0x00000000e9a00000| Complete 
| 155|0x00000000e9b00000, 0x00000000e9c00000, 0x00000000e9c00000|100%| E|CS|TAMS 0x00000000e9b00000, 0x00000000e9b00000| Complete 
| 156|0x00000000e9c00000, 0x00000000e9d00000, 0x00000000e9d00000|100%| E|CS|TAMS 0x00000000e9c00000, 0x00000000e9c00000| Complete 
| 157|0x00000000e9d00000, 0x00000000e9e00000, 0x00000000e9e00000|100%| E|CS|TAMS 0x00000000e9d00000, 0x00000000e9d00000| Complete 
| 158|0x00000000e9e00000, 0x00000000e9f00000, 0x00000000e9f00000|100%| E|CS|TAMS 0x00000000e9e00000, 0x00000000e9e00000| Complete 
| 159|0x00000000e9f00000, 0x00000000ea000000, 0x00000000ea000000|100%| E|CS|TAMS 0x00000000e9f00000, 0x00000000e9f00000| Complete 
| 160|0x00000000ea000000, 0x00000000ea100000, 0x00000000ea100000|100%| E|CS|TAMS 0x00000000ea000000, 0x00000000ea000000| Complete 
| 161|0x00000000ea100000, 0x00000000ea200000, 0x00000000ea200000|100%| E|CS|TAMS 0x00000000ea100000, 0x00000000ea100000| Complete 
| 162|0x00000000ea200000, 0x00000000ea300000, 0x00000000ea300000|100%| E|CS|TAMS 0x00000000ea200000, 0x00000000ea200000| Complete 
| 163|0x00000000ea300000, 0x00000000ea400000, 0x00000000ea400000|100%| E|CS|TAMS 0x00000000ea300000, 0x00000000ea300000| Complete 
| 164|0x00000000ea400000, 0x00000000ea500000, 0x00000000ea500000|100%| E|CS|TAMS 0x00000000ea400000, 0x00000000ea400000| Complete 
| 165|0x00000000ea500000, 0x00000000ea600000, 0x00000000ea600000|100%| E|CS|TAMS 0x00000000ea500000, 0x00000000ea500000| Complete 
| 166|0x00000000ea600000, 0x00000000ea700000, 0x00000000ea700000|100%| E|CS|TAMS 0x00000000ea600000, 0x00000000ea600000| Complete 
| 167|0x00000000ea700000, 0x00000000ea800000, 0x00000000ea800000|100%| E|CS|TAMS 0x00000000ea700000, 0x00000000ea700000| Complete 
| 168|0x00000000ea800000, 0x00000000ea900000, 0x00000000ea900000|100%| E|CS|TAMS 0x00000000ea800000, 0x00000000ea800000| Complete 
| 169|0x00000000ea900000, 0x00000000eaa00000, 0x00000000eaa00000|100%| E|CS|TAMS 0x00000000ea900000, 0x00000000ea900000| Complete 
| 170|0x00000000eaa00000, 0x00000000eab00000, 0x00000000eab00000|100%| E|CS|TAMS 0x00000000eaa00000, 0x00000000eaa00000| Complete 
| 171|0x00000000eab00000, 0x00000000eac00000, 0x00000000eac00000|100%| E|CS|TAMS 0x00000000eab00000, 0x00000000eab00000| Complete 
| 172|0x00000000eac00000, 0x00000000ead00000, 0x00000000ead00000|100%| E|  |TAMS 0x00000000eac00000, 0x00000000eac00000| Complete 
| 173|0x00000000ead00000, 0x00000000eae00000, 0x00000000eae00000|100%| E|CS|TAMS 0x00000000ead00000, 0x00000000ead00000| Complete 
| 174|0x00000000eae00000, 0x00000000eaf00000, 0x00000000eaf00000|100%| E|CS|TAMS 0x00000000eae00000, 0x00000000eae00000| Complete 
| 175|0x00000000eaf00000, 0x00000000eb000000, 0x00000000eb000000|100%| E|CS|TAMS 0x00000000eaf00000, 0x00000000eaf00000| Complete 
| 176|0x00000000eb000000, 0x00000000eb100000, 0x00000000eb100000|100%| E|CS|TAMS 0x00000000eb000000, 0x00000000eb000000| Complete 
| 177|0x00000000eb100000, 0x00000000eb200000, 0x00000000eb200000|100%| E|CS|TAMS 0x00000000eb100000, 0x00000000eb100000| Complete 
| 178|0x00000000eb200000, 0x00000000eb300000, 0x00000000eb300000|100%| E|CS|TAMS 0x00000000eb200000, 0x00000000eb200000| Complete 
| 179|0x00000000eb300000, 0x00000000eb400000, 0x00000000eb400000|100%| E|CS|TAMS 0x00000000eb300000, 0x00000000eb300000| Complete 
| 180|0x00000000eb400000, 0x00000000eb500000, 0x00000000eb500000|100%| E|CS|TAMS 0x00000000eb400000, 0x00000000eb400000| Complete 
| 181|0x00000000eb500000, 0x00000000eb600000, 0x00000000eb600000|100%| E|CS|TAMS 0x00000000eb500000, 0x00000000eb500000| Complete 
| 182|0x00000000eb600000, 0x00000000eb700000, 0x00000000eb700000|100%| E|CS|TAMS 0x00000000eb600000, 0x00000000eb600000| Complete 
| 183|0x00000000eb700000, 0x00000000eb800000, 0x00000000eb800000|100%| E|CS|TAMS 0x00000000eb700000, 0x00000000eb700000| Complete 
| 184|0x00000000eb800000, 0x00000000eb900000, 0x00000000eb900000|100%| E|CS|TAMS 0x00000000eb800000, 0x00000000eb800000| Complete 
| 185|0x00000000eb900000, 0x00000000eba00000, 0x00000000eba00000|100%| E|CS|TAMS 0x00000000eb900000, 0x00000000eb900000| Complete 
| 186|0x00000000eba00000, 0x00000000ebb00000, 0x00000000ebb00000|100%| E|CS|TAMS 0x00000000eba00000, 0x00000000eba00000| Complete 
| 187|0x00000000ebb00000, 0x00000000ebc00000, 0x00000000ebc00000|100%| E|CS|TAMS 0x00000000ebb00000, 0x00000000ebb00000| Complete 
| 188|0x00000000ebc00000, 0x00000000ebd00000, 0x00000000ebd00000|100%| E|CS|TAMS 0x00000000ebc00000, 0x00000000ebc00000| Complete 
| 189|0x00000000ebd00000, 0x00000000ebe00000, 0x00000000ebe00000|100%| E|CS|TAMS 0x00000000ebd00000, 0x00000000ebd00000| Complete 
| 190|0x00000000ebe00000, 0x00000000ebf00000, 0x00000000ebf00000|100%| E|CS|TAMS 0x00000000ebe00000, 0x00000000ebe00000| Complete 
| 191|0x00000000ebf00000, 0x00000000ec000000, 0x00000000ec000000|100%| E|CS|TAMS 0x00000000ebf00000, 0x00000000ebf00000| Complete 
| 192|0x00000000ec000000, 0x00000000ec100000, 0x00000000ec100000|100%| E|CS|TAMS 0x00000000ec000000, 0x00000000ec000000| Complete 
| 193|0x00000000ec100000, 0x00000000ec200000, 0x00000000ec200000|100%| E|CS|TAMS 0x00000000ec100000, 0x00000000ec100000| Complete 
| 194|0x00000000ec200000, 0x00000000ec300000, 0x00000000ec300000|100%| E|CS|TAMS 0x00000000ec200000, 0x00000000ec200000| Complete 
| 195|0x00000000ec300000, 0x00000000ec400000, 0x00000000ec400000|100%| E|CS|TAMS 0x00000000ec300000, 0x00000000ec300000| Complete 
| 196|0x00000000ec400000, 0x00000000ec500000, 0x00000000ec500000|100%| E|CS|TAMS 0x00000000ec400000, 0x00000000ec400000| Complete 
| 197|0x00000000ec500000, 0x00000000ec600000, 0x00000000ec600000|100%| E|CS|TAMS 0x00000000ec500000, 0x00000000ec500000| Complete 
| 198|0x00000000ec600000, 0x00000000ec700000, 0x00000000ec700000|100%| E|CS|TAMS 0x00000000ec600000, 0x00000000ec600000| Complete 
| 199|0x00000000ec700000, 0x00000000ec800000, 0x00000000ec800000|100%| E|CS|TAMS 0x00000000ec700000, 0x00000000ec700000| Complete 
| 200|0x00000000ec800000, 0x00000000ec900000, 0x00000000ec900000|100%| E|CS|TAMS 0x00000000ec800000, 0x00000000ec800000| Complete 
| 201|0x00000000ec900000, 0x00000000eca00000, 0x00000000eca00000|100%| E|CS|TAMS 0x00000000ec900000, 0x00000000ec900000| Complete 
| 202|0x00000000eca00000, 0x00000000ecb00000, 0x00000000ecb00000|100%| E|CS|TAMS 0x00000000eca00000, 0x00000000eca00000| Complete 
| 203|0x00000000ecb00000, 0x00000000ecc00000, 0x00000000ecc00000|100%| E|CS|TAMS 0x00000000ecb00000, 0x00000000ecb00000| Complete 
| 204|0x00000000ecc00000, 0x00000000ecd00000, 0x00000000ecd00000|100%| E|CS|TAMS 0x00000000ecc00000, 0x00000000ecc00000| Complete 
| 205|0x00000000ecd00000, 0x00000000ece00000, 0x00000000ece00000|100%| E|CS|TAMS 0x00000000ecd00000, 0x00000000ecd00000| Complete 
| 206|0x00000000ece00000, 0x00000000ecf00000, 0x00000000ecf00000|100%| E|CS|TAMS 0x00000000ece00000, 0x00000000ece00000| Complete 
| 207|0x00000000ecf00000, 0x00000000ed000000, 0x00000000ed000000|100%| E|CS|TAMS 0x00000000ecf00000, 0x00000000ecf00000| Complete 
| 208|0x00000000ed000000, 0x00000000ed100000, 0x00000000ed100000|100%| E|CS|TAMS 0x00000000ed000000, 0x00000000ed000000| Complete 
| 209|0x00000000ed100000, 0x00000000ed200000, 0x00000000ed200000|100%| E|CS|TAMS 0x00000000ed100000, 0x00000000ed100000| Complete 
| 210|0x00000000ed200000, 0x00000000ed300000, 0x00000000ed300000|100%| S|CS|TAMS 0x00000000ed200000, 0x00000000ed200000| Complete 
| 211|0x00000000ed300000, 0x00000000ed400000, 0x00000000ed400000|100%| S|CS|TAMS 0x00000000ed300000, 0x00000000ed300000| Complete 
| 212|0x00000000ed400000, 0x00000000ed500000, 0x00000000ed500000|100%| S|CS|TAMS 0x00000000ed400000, 0x00000000ed400000| Complete 
| 213|0x00000000ed500000, 0x00000000ed600000, 0x00000000ed600000|100%| S|CS|TAMS 0x00000000ed500000, 0x00000000ed500000| Complete 
| 214|0x00000000ed600000, 0x00000000ed700000, 0x00000000ed700000|100%| S|CS|TAMS 0x00000000ed600000, 0x00000000ed600000| Complete 
| 215|0x00000000ed700000, 0x00000000ed800000, 0x00000000ed800000|100%| S|CS|TAMS 0x00000000ed700000, 0x00000000ed700000| Complete 
| 216|0x00000000ed800000, 0x00000000ed900000, 0x00000000ed900000|100%| S|CS|TAMS 0x00000000ed800000, 0x00000000ed800000| Complete 
| 217|0x00000000ed900000, 0x00000000eda00000, 0x00000000eda00000|100%| S|CS|TAMS 0x00000000ed900000, 0x00000000ed900000| Complete 
| 218|0x00000000eda00000, 0x00000000edb00000, 0x00000000edb00000|100%| S|CS|TAMS 0x00000000eda00000, 0x00000000eda00000| Complete 
| 219|0x00000000edb00000, 0x00000000edc00000, 0x00000000edc00000|100%| S|CS|TAMS 0x00000000edb00000, 0x00000000edb00000| Complete 
| 220|0x00000000edc00000, 0x00000000edd00000, 0x00000000edd00000|100%| E|CS|TAMS 0x00000000edc00000, 0x00000000edc00000| Complete 
| 221|0x00000000edd00000, 0x00000000ede00000, 0x00000000ede00000|100%| E|CS|TAMS 0x00000000edd00000, 0x00000000edd00000| Complete 
| 222|0x00000000ede00000, 0x00000000edf00000, 0x00000000edf00000|100%| E|CS|TAMS 0x00000000ede00000, 0x00000000ede00000| Complete 
| 223|0x00000000edf00000, 0x00000000ee000000, 0x00000000ee000000|100%| E|CS|TAMS 0x00000000edf00000, 0x00000000edf00000| Complete 
| 224|0x00000000ee000000, 0x00000000ee100000, 0x00000000ee100000|100%| E|CS|TAMS 0x00000000ee000000, 0x00000000ee000000| Complete 
| 225|0x00000000ee100000, 0x00000000ee200000, 0x00000000ee200000|100%| E|CS|TAMS 0x00000000ee100000, 0x00000000ee100000| Complete 
| 226|0x00000000ee200000, 0x00000000ee300000, 0x00000000ee300000|100%| E|CS|TAMS 0x00000000ee200000, 0x00000000ee200000| Complete 
| 227|0x00000000ee300000, 0x00000000ee400000, 0x00000000ee400000|100%| E|CS|TAMS 0x00000000ee300000, 0x00000000ee300000| Complete 
| 228|0x00000000ee400000, 0x00000000ee500000, 0x00000000ee500000|100%| E|CS|TAMS 0x00000000ee400000, 0x00000000ee400000| Complete 
| 229|0x00000000ee500000, 0x00000000ee600000, 0x00000000ee600000|100%| E|CS|TAMS 0x00000000ee500000, 0x00000000ee500000| Complete 
| 230|0x00000000ee600000, 0x00000000ee700000, 0x00000000ee700000|100%| E|CS|TAMS 0x00000000ee600000, 0x00000000ee600000| Complete 
| 231|0x00000000ee700000, 0x00000000ee800000, 0x00000000ee800000|100%| E|CS|TAMS 0x00000000ee700000, 0x00000000ee700000| Complete 
| 232|0x00000000ee800000, 0x00000000ee900000, 0x00000000ee900000|100%| E|CS|TAMS 0x00000000ee800000, 0x00000000ee800000| Complete 
| 233|0x00000000ee900000, 0x00000000eea00000, 0x00000000eea00000|100%| E|CS|TAMS 0x00000000ee900000, 0x00000000ee900000| Complete 
| 234|0x00000000eea00000, 0x00000000eeb00000, 0x00000000eeb00000|100%| E|CS|TAMS 0x00000000eea00000, 0x00000000eea00000| Complete 
| 235|0x00000000eeb00000, 0x00000000eec00000, 0x00000000eec00000|100%| E|CS|TAMS 0x00000000eeb00000, 0x00000000eeb00000| Complete 
| 236|0x00000000eec00000, 0x00000000eed00000, 0x00000000eed00000|100%| E|CS|TAMS 0x00000000eec00000, 0x00000000eec00000| Complete 
| 237|0x00000000eed00000, 0x00000000eee00000, 0x00000000eee00000|100%| E|CS|TAMS 0x00000000eed00000, 0x00000000eed00000| Complete 
| 238|0x00000000eee00000, 0x00000000eef00000, 0x00000000eef00000|100%| E|CS|TAMS 0x00000000eee00000, 0x00000000eee00000| Complete 
| 239|0x00000000eef00000, 0x00000000ef000000, 0x00000000ef000000|100%| E|CS|TAMS 0x00000000eef00000, 0x00000000eef00000| Complete 
| 240|0x00000000ef000000, 0x00000000ef100000, 0x00000000ef100000|100%| E|CS|TAMS 0x00000000ef000000, 0x00000000ef000000| Complete 
| 241|0x00000000ef100000, 0x00000000ef200000, 0x00000000ef200000|100%| E|CS|TAMS 0x00000000ef100000, 0x00000000ef100000| Complete 
| 242|0x00000000ef200000, 0x00000000ef300000, 0x00000000ef300000|100%| E|CS|TAMS 0x00000000ef200000, 0x00000000ef200000| Complete 
| 243|0x00000000ef300000, 0x00000000ef400000, 0x00000000ef400000|100%| E|CS|TAMS 0x00000000ef300000, 0x00000000ef300000| Complete 
| 244|0x00000000ef400000, 0x00000000ef500000, 0x00000000ef500000|100%| E|CS|TAMS 0x00000000ef400000, 0x00000000ef400000| Complete 
| 245|0x00000000ef500000, 0x00000000ef600000, 0x00000000ef600000|100%| E|CS|TAMS 0x00000000ef500000, 0x00000000ef500000| Complete 
| 246|0x00000000ef600000, 0x00000000ef700000, 0x00000000ef700000|100%| E|CS|TAMS 0x00000000ef600000, 0x00000000ef600000| Complete 
| 247|0x00000000ef700000, 0x00000000ef800000, 0x00000000ef800000|100%| E|CS|TAMS 0x00000000ef700000, 0x00000000ef700000| Complete 
| 248|0x00000000ef800000, 0x00000000ef900000, 0x00000000ef900000|100%| E|CS|TAMS 0x00000000ef800000, 0x00000000ef800000| Complete 
| 249|0x00000000ef900000, 0x00000000efa00000, 0x00000000efa00000|100%| E|CS|TAMS 0x00000000ef900000, 0x00000000ef900000| Complete 
| 250|0x00000000efa00000, 0x00000000efb00000, 0x00000000efb00000|100%| E|CS|TAMS 0x00000000efa00000, 0x00000000efa00000| Complete 
| 251|0x00000000efb00000, 0x00000000efc00000, 0x00000000efc00000|100%| E|CS|TAMS 0x00000000efb00000, 0x00000000efb00000| Complete 
| 252|0x00000000efc00000, 0x00000000efd00000, 0x00000000efd00000|100%| E|CS|TAMS 0x00000000efc00000, 0x00000000efc00000| Complete 
| 253|0x00000000efd00000, 0x00000000efe00000, 0x00000000efe00000|100%| E|CS|TAMS 0x00000000efd00000, 0x00000000efd00000| Complete 
| 254|0x00000000efe00000, 0x00000000eff00000, 0x00000000eff00000|100%| E|CS|TAMS 0x00000000efe00000, 0x00000000efe00000| Complete 
| 255|0x00000000eff00000, 0x00000000f0000000, 0x00000000f0000000|100%| E|CS|TAMS 0x00000000eff00000, 0x00000000eff00000| Complete 

Card table byte_map: [0x0000022c4fee0000,0x0000022c4ffe0000] _byte_map_base: 0x0000022c4f7e0000

Marking Bits (Prev, Next): (CMBitMap*) 0x0000022c37a60b18, (CMBitMap*) 0x0000022c37a60b50
 Prev Bits: [0x0000022c500e0000, 0x0000022c508e0000)
 Next Bits: [0x0000022c508e0000, 0x0000022c510e0000)

Polling page: 0x0000022c371c0000

Metaspace:

Usage:
  Non-class:     42.24 MB capacity,    41.60 MB ( 98%) used,   545.00 KB (  1%) free+waste,   105.81 KB ( <1%) overhead. 
      Class:      6.26 MB capacity,     5.88 MB ( 94%) used,   335.67 KB (  5%) free+waste,    50.19 KB ( <1%) overhead. 
       Both:     48.50 MB capacity,    47.48 MB ( 98%) used,   880.67 KB (  2%) free+waste,   156.00 KB ( <1%) overhead. 

Virtual space:
  Non-class space:       44.00 MB reserved,      42.42 MB ( 96%) committed 
      Class space:      248.00 MB reserved,       6.32 MB (  3%) committed 
             Both:      292.00 MB reserved,      48.75 MB ( 17%) committed 

Chunk freelists:
   Non-Class:  57.00 KB
       Class:  23.00 KB
        Both:  80.00 KB

MaxMetaspaceSize: 256.00 MB
CompressedClassSpaceSize: 248.00 MB
Initial GC threshold: 20.80 MB
Current GC threshold: 58.95 MB
CDS: off

CodeHeap 'non-profiled nmethods': size=120000Kb used=1943Kb max_used=1943Kb free=118056Kb
 bounds [0x0000022c48570000, 0x0000022c487e0000, 0x0000022c4faa0000]
CodeHeap 'profiled nmethods': size=120000Kb used=9125Kb max_used=9125Kb free=110874Kb
 bounds [0x0000022c41040000, 0x0000022c41930000, 0x0000022c48570000]
CodeHeap 'non-nmethods': size=5760Kb used=2293Kb max_used=2330Kb free=3466Kb
 bounds [0x0000022c40aa0000, 0x0000022c40d10000, 0x0000022c41040000]
 total_blobs=5299 nmethods=4506 adapters=704
 compilation: enabled
              stopped_count=0, restarted_count=0
 full_count=0

Compilation events (20 events):
Event: 29.013 Thread 0x0000022c54452000 3895       1       java.lang.ThreadLocal::initialValue (2 bytes)
Event: 29.014 Thread 0x0000022c54452000 nmethod 3895 0x0000022c4872a190 code [0x0000022c4872a340, 0x0000022c4872a3f8]
Event: 29.014 Thread 0x0000022c54452000 3897       2       com.google.common.collect.Maps::newHashMap (8 bytes)
Event: 29.015 Thread 0x0000022c54452000 nmethod 3897 0x0000022c41889890 code [0x0000022c41889a40, 0x0000022c41889b78]
Event: 29.015 Thread 0x0000022c54452000 3898       2       org.gradle.internal.snapshot.impl.CoercingStringValueSnapshot::<init> (11 bytes)
Event: 29.015 Thread 0x0000022c54452000 nmethod 3898 0x0000022c41889c10 code [0x0000022c41889dc0, 0x0000022c41889f58]
Event: 29.015 Thread 0x0000022c54452000 3899       2       org.gradle.internal.snapshot.impl.StringValueSnapshot::<init> (6 bytes)
Event: 29.015 Thread 0x0000022c54452000 nmethod 3899 0x0000022c4188a010 code [0x0000022c4188a1c0, 0x0000022c4188a2f8]
Event: 29.016 Thread 0x0000022c54452000 3900       2       org.gradle.cache.internal.btree.BlockPointer::hashCode (8 bytes)
Event: 29.016 Thread 0x0000022c54452000 nmethod 3900 0x0000022c4188a390 code [0x0000022c4188a540, 0x0000022c4188a658]
Event: 29.016 Thread 0x0000022c54452000 3901       2       com.google.common.primitives.Longs::hashCode (8 bytes)
Event: 29.016 Thread 0x0000022c54452000 nmethod 3901 0x0000022c4188a710 code [0x0000022c4188a8c0, 0x0000022c4188a9b8]
Event: 29.017 Thread 0x0000022c54452000 3902       2       org.gradle.api.attributes.Attribute::of (10 bytes)
Event: 29.018 Thread 0x0000022c54452000 nmethod 3902 0x0000022c4188aa90 code [0x0000022c4188ac60, 0x0000022c4188aeb8]
Event: 29.018 Thread 0x0000022c54452000 3903       2       org.gradle.api.attributes.Attribute::<init> (35 bytes)
Event: 29.018 Thread 0x0000022c54452000 nmethod 3903 0x0000022c4188b010 code [0x0000022c4188b1e0, 0x0000022c4188b3f8]
Event: 29.019 Thread 0x0000022c54452000 3904       2       org.gradle.internal.serialize.kryo.KryoBackedEncoder::writeString (23 bytes)
Event: 29.019 Thread 0x0000022c54452000 nmethod 3904 0x0000022c4188b510 code [0x0000022c4188b6e0, 0x0000022c4188b8b8]
Event: 29.020 Thread 0x0000022c54452000 3905       2       com.esotericsoftware.kryo.io.Output::writeUtf8Length (405 bytes)
Event: 29.020 Thread 0x0000022c54452000 nmethod 3905 0x0000022c4188ba10 code [0x0000022c4188bc20, 0x0000022c4188c1a8]

GC Heap History (12 events):
Event: 8.182 GC heap before
{Heap before GC invocations=0 (full 0):
 garbage-first heap   total 262144K, used 29696K [0x00000000e0000000, 0x0000000100000000)
  region size 1024K, 24 young (24576K), 0 survivors (0K)
 Metaspace       used 10497K, capacity 10828K, committed 11008K, reserved 264192K
  class space    used 1075K, capacity 1160K, committed 1280K, reserved 253952K
}
Event: 8.189 GC heap after
{Heap after GC invocations=1 (full 0):
 garbage-first heap   total 262144K, used 8640K [0x00000000e0000000, 0x0000000100000000)
  region size 1024K, 3 young (3072K), 3 survivors (3072K)
 Metaspace       used 10497K, capacity 10828K, committed 11008K, reserved 264192K
  class space    used 1075K, capacity 1160K, committed 1280K, reserved 253952K
}
Event: 16.368 GC heap before
{Heap before GC invocations=1 (full 0):
 garbage-first heap   total 262144K, used 31168K [0x00000000e0000000, 0x0000000100000000)
  region size 1024K, 25 young (25600K), 3 survivors (3072K)
 Metaspace       used 10982K, capacity 11237K, committed 11520K, reserved 264192K
  class space    used 1116K, capacity 1168K, committed 1280K, reserved 253952K
}
Event: 16.371 GC heap after
{Heap after GC invocations=2 (full 0):
 garbage-first heap   total 262144K, used 11597K [0x00000000e0000000, 0x0000000100000000)
  region size 1024K, 3 young (3072K), 3 survivors (3072K)
 Metaspace       used 10982K, capacity 11237K, committed 11520K, reserved 264192K
  class space    used 1116K, capacity 1168K, committed 1280K, reserved 253952K
}
Event: 24.930 GC heap before
{Heap before GC invocations=2 (full 0):
 garbage-first heap   total 262144K, used 63821K [0x00000000e0000000, 0x0000000100000000)
  region size 1024K, 55 young (56320K), 3 survivors (3072K)
 Metaspace       used 18928K, capacity 19416K, committed 19584K, reserved 272384K
  class space    used 2242K, capacity 2397K, committed 2432K, reserved 253952K
}
Event: 24.934 GC heap after
{Heap after GC invocations=3 (full 0):
 garbage-first heap   total 262144K, used 15987K [0x00000000e0000000, 0x0000000100000000)
  region size 1024K, 7 young (7168K), 7 survivors (7168K)
 Metaspace       used 18928K, capacity 19416K, committed 19584K, reserved 272384K
  class space    used 2242K, capacity 2397K, committed 2432K, reserved 253952K
}
Event: 25.144 GC heap before
{Heap before GC invocations=3 (full 0):
 garbage-first heap   total 262144K, used 29299K [0x00000000e0000000, 0x0000000100000000)
  region size 1024K, 21 young (21504K), 7 survivors (7168K)
 Metaspace       used 20690K, capacity 21201K, committed 21296K, reserved 274432K
  class space    used 2484K, capacity 2658K, committed 2688K, reserved 253952K
}
Event: 25.149 GC heap after
{Heap after GC invocations=4 (full 0):
 garbage-first heap   total 262144K, used 16374K [0x00000000e0000000, 0x0000000100000000)
  region size 1024K, 8 young (8192K), 8 survivors (8192K)
 Metaspace       used 20690K, capacity 21201K, committed 21296K, reserved 274432K
  class space    used 2484K, capacity 2658K, committed 2688K, reserved 253952K
}
Event: 26.354 GC heap before
{Heap before GC invocations=5 (full 0):
 garbage-first heap   total 262144K, used 94198K [0x00000000e0000000, 0x0000000100000000)
  region size 1024K, 84 young (86016K), 8 survivors (8192K)
 Metaspace       used 28524K, capacity 29242K, committed 29308K, reserved 280576K
  class space    used 3757K, capacity 4023K, committed 4044K, reserved 253952K
}
Event: 26.361 GC heap after
{Heap after GC invocations=6 (full 0):
 garbage-first heap   total 262144K, used 19191K [0x00000000e0000000, 0x0000000100000000)
  region size 1024K, 9 young (9216K), 9 survivors (9216K)
 Metaspace       used 28524K, capacity 29242K, committed 29308K, reserved 280576K
  class space    used 3757K, capacity 4023K, committed 4044K, reserved 253952K
}
Event: 27.059 GC heap before
{Heap before GC invocations=6 (full 0):
 garbage-first heap   total 262144K, used 54007K [0x00000000e0000000, 0x0000000100000000)
  region size 1024K, 45 young (46080K), 9 survivors (9216K)
 Metaspace       used 35171K, capacity 35825K, committed 35964K, reserved 286720K
  class space    used 4464K, capacity 4703K, committed 4812K, reserved 253952K
}
Event: 27.066 GC heap after
{Heap after GC invocations=7 (full 0):
 garbage-first heap   total 262144K, used 21017K [0x00000000e0000000, 0x0000000100000000)
  region size 1024K, 10 young (10240K), 10 survivors (10240K)
 Metaspace       used 35171K, capacity 35825K, committed 35964K, reserved 286720K
  class space    used 4464K, capacity 4703K, committed 4812K, reserved 253952K
}

Deoptimization events (20 events):
Event: 28.397 Thread 0x0000022c55221000 Uncommon trap: trap_request=0xffffffc6 fr.pc=0x0000022c4866fff8 relative=0x0000000000000218
Event: 28.397 Thread 0x0000022c55221000 Uncommon trap: reason=bimorphic_or_optimized_type_check action=maybe_recompile pc=0x0000022c4866fff8 method=com.google.common.base.CharMatcher.indexIn(Ljava/lang/CharSequence;I)I @ 31 c2
Event: 28.397 Thread 0x0000022c55221000 DEOPT PACKING pc=0x0000022c4866fff8 sp=0x00000080c2ef8430
Event: 28.397 Thread 0x0000022c55221000 DEOPT UNPACKING pc=0x0000022c40aea1af sp=0x00000080c2ef83d8 mode 2
Event: 28.399 Thread 0x0000022c55221000 Uncommon trap: trap_request=0xffffffc6 fr.pc=0x0000022c4866fff8 relative=0x0000000000000218
Event: 28.399 Thread 0x0000022c55221000 Uncommon trap: reason=bimorphic_or_optimized_type_check action=maybe_recompile pc=0x0000022c4866fff8 method=com.google.common.base.CharMatcher.indexIn(Ljava/lang/CharSequence;I)I @ 31 c2
Event: 28.399 Thread 0x0000022c55221000 DEOPT PACKING pc=0x0000022c4866fff8 sp=0x00000080c2ef9d60
Event: 28.399 Thread 0x0000022c55221000 DEOPT UNPACKING pc=0x0000022c40aea1af sp=0x00000080c2ef9d08 mode 2
Event: 28.483 Thread 0x0000022c55221000 Uncommon trap: trap_request=0xffffff4d fr.pc=0x0000022c485e1780 relative=0x00000000000001c0
Event: 28.483 Thread 0x0000022c55221000 Uncommon trap: reason=unstable_if action=reinterpret pc=0x0000022c485e1780 method=java.net.URI$Parser.scan(IILjava/lang/String;)I @ 26 c2
Event: 28.483 Thread 0x0000022c55221000 DEOPT PACKING pc=0x0000022c485e1780 sp=0x00000080c2ef90e0
Event: 28.483 Thread 0x0000022c55221000 DEOPT UNPACKING pc=0x0000022c40aea1af sp=0x00000080c2ef9070 mode 2
Event: 28.483 Thread 0x0000022c55221000 Uncommon trap: trap_request=0xffffff4d fr.pc=0x0000022c485c095c relative=0x000000000000011c
Event: 28.483 Thread 0x0000022c55221000 Uncommon trap: reason=unstable_if action=reinterpret pc=0x0000022c485c095c method=java.net.URI.match(CJJ)Z @ 45 c2
Event: 28.483 Thread 0x0000022c55221000 DEOPT PACKING pc=0x0000022c485c095c sp=0x00000080c2ef8e50
Event: 28.483 Thread 0x0000022c55221000 DEOPT UNPACKING pc=0x0000022c40aea1af sp=0x00000080c2ef8d88 mode 2
Event: 28.483 Thread 0x0000022c55221000 Uncommon trap: trap_request=0xffffff4d fr.pc=0x0000022c485920e8 relative=0x0000000000000048
Event: 28.483 Thread 0x0000022c55221000 Uncommon trap: reason=unstable_if action=reinterpret pc=0x0000022c485920e8 method=java.net.URI.match(CJJ)Z @ 19 c2
Event: 28.483 Thread 0x0000022c55221000 DEOPT PACKING pc=0x0000022c485920e8 sp=0x00000080c2ef8e60
Event: 28.483 Thread 0x0000022c55221000 DEOPT UNPACKING pc=0x0000022c40aea1af sp=0x00000080c2ef8e10 mode 2

Classes redefined (0 events):
No events

Internal exceptions (20 events):
Event: 28.380 Thread 0x0000022c55221000 Exception <a 'java/lang/ClassNotFoundException'{0x00000000ea8dc630}: org/gradle/api/internal/project/ProjectScriptCustomizer> (0x00000000ea8dc630) thrown at [src/hotspot/share/classfile/systemDictionary.cpp, line 231]
Event: 28.381 Thread 0x0000022c55221000 Exception <a 'java/lang/ClassNotFoundException'{0x00000000ea8f7208}: build_2ujdlcek7jlgktbe7v5b1kfkbCustomizer> (0x00000000ea8f7208) thrown at [src/hotspot/share/classfile/systemDictionary.cpp, line 231]
Event: 28.388 Thread 0x0000022c55221000 Exception <a 'java/lang/ClassNotFoundException'{0x00000000ea76e658}: org/gradle/plugin/use/internal/PluginRequestCollector$PluginDependenciesSpecImplBeanInfo> (0x00000000ea76e658) thrown at [src/hotspot/share/classfile/systemDictionary.cpp, line 231]
Event: 28.389 Thread 0x0000022c55221000 Exception <a 'java/lang/ClassNotFoundException'{0x00000000ea79abd8}: org/gradle/plugin/use/internal/PluginRequestCollector$PluginDependenciesSpecImplCustomizer> (0x00000000ea79abd8) thrown at [src/hotspot/share/classfile/systemDictionary.cpp, line 231]
Event: 28.394 Thread 0x0000022c55221000 Exception <a 'java/lang/ClassNotFoundException'{0x00000000ea60dbe8}: org/gradle/plugin/use/internal/PluginRequestCollector$PluginDependencySpecImplBeanInfo> (0x00000000ea60dbe8) thrown at [src/hotspot/share/classfile/systemDictionary.cpp, line 231]
Event: 28.394 Thread 0x0000022c55221000 Exception <a 'java/lang/ClassNotFoundException'{0x00000000ea638830}: org/gradle/plugin/use/internal/PluginRequestCollector$PluginDependencySpecImplCustomizer> (0x00000000ea638830) thrown at [src/hotspot/share/classfile/systemDictionary.cpp, line 231]
Event: 28.527 Thread 0x0000022c55221000 Exception <a 'java/lang/NoSuchMethodError'{0x00000000e9b4fe98}: 'java.lang.Object java.lang.invoke.DirectMethodHandle$Holder.invokeStatic(java.lang.Object, int, java.lang.Object)'> (0x00000000e9b4fe98) thrown at [src/hotspot/share/interpreter/linkResolver.cpp, line 773]
Event: 28.671 Thread 0x0000022c55221000 Exception <a 'java/lang/NoSuchMethodError'{0x00000000e8fc7e88}: 'int java.lang.invoke.DirectMethodHandle$Holder.invokeInterface(java.lang.Object, java.lang.Object)'> (0x00000000e8fc7e88) thrown at [src/hotspot/share/interpreter/linkResolver.cpp, line 773]
Event: 28.672 Thread 0x0000022c55221000 Exception <a 'java/lang/IncompatibleClassChangeError'{0x00000000e8fcb968}: Found class java.lang.Object, but interface was expected> (0x00000000e8fcb968) thrown at [src/hotspot/share/interpreter/linkResolver.cpp, line 839]
Event: 28.779 Thread 0x0000022c55221000 Exception <a 'java/lang/NoSuchMethodError'{0x00000000e8761610}: 'int java.lang.invoke.DirectMethodHandle$Holder.invokeStaticInit(java.lang.Object)'> (0x00000000e8761610) thrown at [src/hotspot/share/interpreter/linkResolver.cpp, line 773]
Event: 28.814 Thread 0x0000022c55221000 Exception <a 'java/lang/NoSuchMethodError'{0x00000000e85f5ad0}: 'void java.lang.invoke.DirectMethodHandle$Holder.invokeStatic(java.lang.Object, java.lang.Object, java.lang.Object, int, java.lang.Object)'> (0x00000000e85f5ad0) thrown at [src/hotspot/share/interpreter/linkResolver.cpp, line 773]
Event: 28.873 Thread 0x0000022c55221000 Exception <a 'java/lang/NoSuchMethodError'{0x00000000e8081fa8}: 'java.lang.Object java.lang.invoke.DirectMethodHandle$Holder.invokeStatic(java.lang.Object, java.lang.Object, int, java.lang.Object)'> (0x00000000e8081fa8) thrown at [src/hotspot/share/interpreter/linkResolver.cpp, line 773]
Event: 28.873 Thread 0x0000022c55221000 Exception <a 'java/lang/NoSuchMethodError'{0x00000000e8085f48}: 'java.lang.Object java.lang.invoke.Invokers$Holder.linkToTargetMethod(java.lang.Object, int, java.lang.Object, java.lang.Object)'> (0x00000000e8085f48) thrown at [src/hotspot/share/interpreter/linkResolver.cpp, line 773]
Event: 28.903 Thread 0x0000022c55221000 Exception <a 'java/lang/NoSuchMethodError'{0x00000000e7fa21c8}: 'java.lang.Object java.lang.invoke.DelegatingMethodHandle$Holder.reinvoke_L(java.lang.Object, java.lang.Object, java.lang.Object, java.lang.Object, java.lang.Object, java.lang.Object, java.lang.Object, java.lang.Object, java.lang.Object, java.lang.Object, java.lang.Object, java.lang.Object, java.lang.Object, java.lang.Object, java.lang.Object, java.lang.Object, java.lang.Object, java.lang.Object, java.lang.Object)'> (0x00000000e7fa21c8) thrown
Event: 28.903 Thread 0x0000022c55221000 Exception <a 'java/lang/NoSuchMethodError'{0x00000000e7fad768}: 'java.lang.Object java.lang.invoke.DirectMethodHandle$Holder.invokeSpecial(java.lang.Object, java.lang.Object, java.lang.Object, java.lang.Object, java.lang.Object, java.lang.Object, java.lang.Object, java.lang.Object, java.lang.Object, java.lang.Object, java.lang.Object, java.lang.Object, java.lang.Object, java.lang.Object, java.lang.Object, java.lang.Object, java.lang.Object, java.lang.Object, java.lang.Object)'> (0x00000000e7fad768) thrown 
Event: 28.904 Thread 0x0000022c55221000 Exception <a 'java/lang/NoSuchMethodError'{0x00000000e7fb34a0}: 'java.lang.Object java.lang.invoke.Invokers$Holder.invoker(java.lang.Object, java.lang.Object, java.lang.Object, java.lang.Object, java.lang.Object, java.lang.Object, java.lang.Object, java.lang.Object, java.lang.Object, java.lang.Object, java.lang.Object, java.lang.Object, java.lang.Object, java.lang.Object, java.lang.Object, java.lang.Object, java.lang.Object, java.lang.Object, java.lang.Object)'> (0x00000000e7fb34a0) thrown at [src/hotspot/
Event: 28.904 Thread 0x0000022c55221000 Exception <a 'java/lang/NoSuchMethodError'{0x00000000e7fba370}: 'java.lang.Object java.lang.invoke.DelegatingMethodHandle$Holder.delegate(java.lang.Object, java.lang.Object, java.lang.Object, java.lang.Object, java.lang.Object, java.lang.Object, java.lang.Object, java.lang.Object, java.lang.Object, java.lang.Object, java.lang.Object, java.lang.Object, java.lang.Object, java.lang.Object, java.lang.Object, java.lang.Object, java.lang.Object, java.lang.Object, java.lang.Object)'> (0x00000000e7fba370) thrown a
Event: 28.909 Thread 0x0000022c55221000 Exception <a 'java/lang/NoSuchMethodError'{0x00000000e7e01490}: 'java.lang.Object java.lang.invoke.DirectMethodHandle$Holder.invokeStatic(java.lang.Object, java.lang.Object, java.lang.Object, java.lang.Object, java.lang.Object, java.lang.Object, java.lang.Object, java.lang.Object, java.lang.Object, java.lang.Object, java.lang.Object, java.lang.Object, java.lang.Object, java.lang.Object, java.lang.Object)'> (0x00000000e7e01490) thrown at [src/hotspot/share/interpreter/linkResolver.cpp, line 773]
Event: 28.911 Thread 0x0000022c55221000 Exception <a 'java/lang/NoSuchMethodError'{0x00000000e7e115f8}: 'java.lang.Object java.lang.invoke.DirectMethodHandle$Holder.invokeStatic(java.lang.Object, java.lang.Object, java.lang.Object, java.lang.Object, java.lang.Object, java.lang.Object, java.lang.Object, java.lang.Object, java.lang.Object, java.lang.Object, java.lang.Object, java.lang.Object, java.lang.Object, java.lang.Object, java.lang.Object, java.lang.Object)'> (0x00000000e7e115f8) thrown at [src/hotspot/share/interpreter/linkResolver.cpp, lin
Event: 28.911 Thread 0x0000022c55221000 Exception <a 'java/lang/NoSuchMethodError'{0x00000000e7e215e0}: 'java.lang.Object java.lang.invoke.DelegatingMethodHandle$Holder.reinvoke_L(java.lang.Object, java.lang.Object, java.lang.Object, java.lang.Object, java.lang.Object, java.lang.Object, java.lang.Object, java.lang.Object, java.lang.Object, java.lang.Object, java.lang.Object, java.lang.Object, java.lang.Object, java.lang.Object, java.lang.Object, java.lang.Object, java.lang.Object, java.lang.Object)'> (0x00000000e7e215e0) thrown at [src/hotspot/s

Events (20 events):
Event: 28.945 loading class org/gradle/internal/component/external/model/AbstractMutableModuleComponentResolveMetadata$FileImpl
Event: 28.945 loading class org/gradle/internal/component/external/model/AbstractMutableModuleComponentResolveMetadata$FileImpl done
Event: 28.946 loading class org/gradle/internal/component/external/model/ComponentVariant$File
Event: 28.946 loading class org/gradle/internal/component/external/model/ComponentVariant$File done
Event: 28.948 loading class org/gradle/internal/component/external/model/AbstractMutableModuleComponentResolveMetadata$ImmutableVariantImpl
Event: 28.948 loading class org/gradle/internal/component/external/model/AbstractMutableModuleComponentResolveMetadata$ImmutableVariantImpl done
Event: 28.949 loading class org/gradle/internal/component/external/model/ComponentVariant
Event: 28.949 loading class org/gradle/internal/component/external/model/ComponentVariant done
Event: 28.950 loading class org/gradle/internal/component/external/model/LazyVariantBackedConfigurationMetadata
Event: 28.950 loading class org/gradle/internal/component/external/model/LazyVariantBackedConfigurationMetadata done
Event: 28.951 loading class org/gradle/internal/component/external/model/AbstractVariantBackedConfigurationMetadata
Event: 28.951 loading class org/gradle/internal/component/external/model/AbstractVariantBackedConfigurationMetadata done
Event: 28.952 loading class org/gradle/internal/component/external/model/LazyVariantBackedConfigurationMetadata$RuleAwareVariant
Event: 28.952 loading class org/gradle/internal/component/external/model/LazyVariantBackedConfigurationMetadata$RuleAwareVariant done
Event: 28.952 loading class org/gradle/internal/component/external/model/GradleDependencyMetadata
Event: 28.952 loading class org/gradle/internal/component/external/model/GradleDependencyMetadata done
Event: 28.974 loading class org/gradle/internal/component/external/descriptor/DefaultExclude
Event: 28.974 loading class org/gradle/internal/component/external/descriptor/DefaultExclude done
Event: 28.975 loading class org/gradle/internal/component/model/Exclude
Event: 28.975 loading class org/gradle/internal/component/model/Exclude done


Dynamic libraries:
0x00007ff7aa130000 - 0x00007ff7aa13a000 	C:\Users\Julia\.jdks\jbr-11.0.13\bin\java.exe
0x00007ffd71e50000 - 0x00007ffd7203d000 	C:\Windows\SYSTEM32\ntdll.dll
0x00007ffd3d2f0000 - 0x00007ffd3d307000 	C:\Program Files\Avast Software\Avast\aswhook.dll
0x00007ffd6f0a0000 - 0x00007ffd6f153000 	C:\Windows\System32\KERNEL32.DLL
0x00007ffd6e860000 - 0x00007ffd6eaf5000 	C:\Windows\System32\KERNELBASE.dll
0x00007ffd6e760000 - 0x00007ffd6e85a000 	C:\Windows\System32\ucrtbase.dll
0x00007ffd6a280000 - 0x00007ffd6a299000 	C:\Users\Julia\.jdks\jbr-11.0.13\bin\jli.dll
0x00007ffd69730000 - 0x00007ffd69747000 	C:\Users\Julia\.jdks\jbr-11.0.13\bin\VCRUNTIME140.dll
0x00007ffd713a0000 - 0x00007ffd71537000 	C:\Windows\System32\USER32.dll
0x00007ffd6df30000 - 0x00007ffd6df50000 	C:\Windows\System32\win32u.dll
0x00007ffd71d70000 - 0x00007ffd71d99000 	C:\Windows\System32\GDI32.dll
0x00007ffd6ec80000 - 0x00007ffd6ee1b000 	C:\Windows\System32\gdi32full.dll
0x00007ffd57c00000 - 0x00007ffd57e79000 	C:\Windows\WinSxS\amd64_microsoft.windows.common-controls_6595b64144ccf1df_6.0.17763.1339_none_de7015e4534c7114\COMCTL32.dll
0x00007ffd6ee20000 - 0x00007ffd6eec0000 	C:\Windows\System32\msvcp_win.dll
0x00007ffd6fd80000 - 0x00007ffd6fe1e000 	C:\Windows\System32\msvcrt.dll
0x00007ffd6f1c0000 - 0x00007ffd6f4ec000 	C:\Windows\System32\combase.dll
0x00007ffd717a0000 - 0x00007ffd718c2000 	C:\Windows\System32\RPCRT4.dll
0x00007ffd6ec00000 - 0x00007ffd6ec7e000 	C:\Windows\System32\bcryptPrimitives.dll
0x00007ffd6f560000 - 0x00007ffd6f58e000 	C:\Windows\System32\IMM32.DLL
0x000000006fdf0000 - 0x000000006fdfc000 	C:\Program Files (x86)\360\Total Security\safemon\SafeWrapper.dll
0x00007ffd716f0000 - 0x00007ffd71793000 	C:\Windows\System32\ADVAPI32.dll
0x00007ffd6f7e0000 - 0x00007ffd6f87e000 	C:\Windows\System32\sechost.dll
0x00007ffd682a0000 - 0x00007ffd68332000 	C:\Program Files (x86)\360\Total Security\safemon\libzdtp64.dll
0x00007ffd6fea0000 - 0x00007ffd71398000 	C:\Windows\System32\SHELL32.dll
0x00007ffd6eb30000 - 0x00007ffd6eb7a000 	C:\Windows\System32\cfgmgr32.dll
0x00007ffd71cb0000 - 0x00007ffd71d59000 	C:\Windows\System32\shcore.dll
0x00007ffd6df50000 - 0x00007ffd6e6a4000 	C:\Windows\System32\windows.storage.dll
0x00007ffd6dee0000 - 0x00007ffd6df04000 	C:\Windows\System32\profapi.dll
0x00007ffd6de80000 - 0x00007ffd6dedd000 	C:\Windows\System32\powrprof.dll
0x00007ffd718d0000 - 0x00007ffd71922000 	C:\Windows\System32\shlwapi.dll
0x00007ffd6de60000 - 0x00007ffd6de71000 	C:\Windows\System32\kernel.appcore.dll
0x00007ffd6eb80000 - 0x00007ffd6eb97000 	C:\Windows\System32\cryptsp.dll
0x00007ffd6da50000 - 0x00007ffd6da5a000 	C:\Windows\SYSTEM32\VERSION.dll
0x00007ffd55790000 - 0x00007ffd5582d000 	C:\Users\Julia\.jdks\jbr-11.0.13\bin\msvcp140.dll
0x00007ffce6280000 - 0x00007ffce6df6000 	C:\Users\Julia\.jdks\jbr-11.0.13\bin\server\jvm.dll
0x00007ffd71670000 - 0x00007ffd71678000 	C:\Windows\System32\PSAPI.DLL
0x00007ffd69c30000 - 0x00007ffd69c54000 	C:\Windows\SYSTEM32\WINMM.dll
0x00007ffd5da60000 - 0x00007ffd5da69000 	C:\Windows\SYSTEM32\WSOCK32.dll
0x00007ffd71680000 - 0x00007ffd716ed000 	C:\Windows\System32\WS2_32.dll
0x00007ffd69c00000 - 0x00007ffd69c2d000 	C:\Windows\SYSTEM32\winmmbase.dll
0x00007ffd68350000 - 0x00007ffd68361000 	C:\Users\Julia\.jdks\jbr-11.0.13\bin\verify.dll
0x00007ffd6c760000 - 0x00007ffd6c94d000 	C:\Windows\SYSTEM32\DBGHELP.DLL
0x00007ffd644e0000 - 0x00007ffd6450a000 	C:\Windows\SYSTEM32\dbgcore.DLL
0x00007ffd68210000 - 0x00007ffd68239000 	C:\Users\Julia\.jdks\jbr-11.0.13\bin\java.dll
0x00007ffd6b5b0000 - 0x00007ffd6b5bb000 	C:\Users\Julia\.jdks\jbr-11.0.13\bin\jimage.dll
0x00007ffd681f0000 - 0x00007ffd68208000 	C:\Users\Julia\.jdks\jbr-11.0.13\bin\zip.dll
0x00007ffd67840000 - 0x00007ffd6785a000 	C:\Users\Julia\.jdks\jbr-11.0.13\bin\net.dll
0x00007ffd6b8b0000 - 0x00007ffd6b9a2000 	C:\Windows\SYSTEM32\WINHTTP.dll
0x00007ffd6d650000 - 0x00007ffd6d6b7000 	C:\Windows\system32\mswsock.dll
0x00007ffd67820000 - 0x00007ffd67834000 	C:\Users\Julia\.jdks\jbr-11.0.13\bin\nio.dll
0x00007ffd69690000 - 0x00007ffd696b7000 	C:\Users\Julia\.gradle\native\fdc75f09e3144964f2cf3f50f0aa648679c211496f362492102eb8c894070792\windows-amd64\native-platform.dll
0x00007ffd41910000 - 0x00007ffd41aa6000 	C:\Users\Julia\.gradle\native\12488b8bf47d2d4c9fbf2f6322a914ad602e24e48041cd04a747c6da556b65c4\windows-amd64\native-platform-file-events.dll
0x00007ffd69680000 - 0x00007ffd6968a000 	C:\Users\Julia\.jdks\jbr-11.0.13\bin\management.dll
0x00007ffd68340000 - 0x00007ffd6834d000 	C:\Users\Julia\.jdks\jbr-11.0.13\bin\management_ext.dll
0x00007ffd6d1d0000 - 0x00007ffd6d203000 	C:\Windows\system32\rsaenh.dll
0x00007ffd6eb00000 - 0x00007ffd6eb26000 	C:\Windows\System32\bcrypt.dll
0x00007ffd6dd50000 - 0x00007ffd6dd78000 	C:\Windows\SYSTEM32\USERENV.dll
0x00007ffd6d820000 - 0x00007ffd6d82c000 	C:\Windows\SYSTEM32\CRYPTBASE.dll
0x00007ffd6d370000 - 0x00007ffd6d3ad000 	C:\Windows\SYSTEM32\IPHLPAPI.DLL
0x00007ffd6f550000 - 0x00007ffd6f558000 	C:\Windows\System32\NSI.dll
0x00007ffd64e10000 - 0x00007ffd64e26000 	C:\Windows\SYSTEM32\dhcpcsvc6.DLL
0x00007ffd64df0000 - 0x00007ffd64e0c000 	C:\Windows\SYSTEM32\dhcpcsvc.DLL
0x00007ffd6d3b0000 - 0x00007ffd6d477000 	C:\Windows\SYSTEM32\DNSAPI.dll
0x00007ffd66af0000 - 0x00007ffd66afb000 	C:\Windows\SYSTEM32\WINNSI.DLL

dbghelp: loaded successfully - version: 4.0.5 - missing functions: none
symbol engine: initialized successfully - sym options: 0x614 - pdb path: .;C:\Users\Julia\.jdks\jbr-11.0.13\bin;C:\Windows\SYSTEM32;C:\Program Files\Avast Software\Avast;C:\Windows\WinSxS\amd64_microsoft.windows.common-controls_6595b64144ccf1df_6.0.17763.1339_none_de7015e4534c7114;C:\Program Files (x86)\360\Total Security\safemon;C:\Users\Julia\.jdks\jbr-11.0.13\bin\server;C:\Users\Julia\.gradle\native\fdc75f09e3144964f2cf3f50f0aa648679c211496f362492102eb8c894070792\windows-amd64;C:\Users\Julia\.gradle\native\12488b8bf47d2d4c9fbf2f6322a914ad602e24e48041cd04a747c6da556b65c4\windows-amd64

VM Arguments:
jvm_args: --add-opens=java.base/java.util=ALL-UNNAMED --add-opens=java.base/java.lang=ALL-UNNAMED --add-opens=java.base/java.lang.invoke=ALL-UNNAMED --add-opens=java.prefs/java.util.prefs=ALL-UNNAMED -XX:MaxMetaspaceSize=256m -XX:+HeapDumpOnOutOfMemoryError -Xms256m -Xmx512m -Dfile.encoding=windows-1251 -Duser.country=RU -Duser.language=ru -Duser.variant 
java_command: org.gradle.launcher.daemon.bootstrap.GradleDaemon 6.8
java_class_path (initial): C:\Users\Julia\.gradle\wrapper\dists\gradle-6.8-bin\1jblhjyydfkclfzx1agp92nyl\gradle-6.8\lib\gradle-launcher-6.8.jar
Launcher Type: SUN_STANDARD

[Global flags]
     intx CICompilerCount                          = 4                                         {product} {ergonomic}
   size_t CompressedClassSpaceSize                 = 260046848                                 {product} {ergonomic}
     uint ConcGCThreads                            = 2                                         {product} {ergonomic}
     uint G1ConcRefinementThreads                  = 8                                         {product} {ergonomic}
   size_t G1HeapRegionSize                         = 1048576                                   {product} {ergonomic}
    uintx GCDrainStackTargetSize                   = 64                                        {product} {ergonomic}
     bool HeapDumpOnOutOfMemoryError               = true                                   {manageable} {command line}
   size_t InitialHeapSize                          = 268435456                                 {product} {command line}
   size_t MarkStackSize                            = 4194304                                   {product} {ergonomic}
   size_t MaxHeapSize                              = 536870912                                 {product} {command line}
   size_t MaxMetaspaceSize                         = 268435456                                 {product} {command line}
   size_t MaxNewSize                               = 321912832                                 {product} {ergonomic}
   size_t MinHeapDeltaBytes                        = 1048576                                   {product} {ergonomic}
    uintx NonNMethodCodeHeapSize                   = 5836300                                {pd product} {ergonomic}
    uintx NonProfiledCodeHeapSize                  = 122910970                              {pd product} {ergonomic}
    uintx ProfiledCodeHeapSize                     = 122910970                              {pd product} {ergonomic}
    uintx ReservedCodeCacheSize                    = 251658240                              {pd product} {ergonomic}
     bool SegmentedCodeCache                       = true                                      {product} {ergonomic}
     bool UseCompressedClassPointers               = true                                 {lp64_product} {ergonomic}
     bool UseCompressedOops                        = true                                 {lp64_product} {ergonomic}
     bool UseG1GC                                  = true                                      {product} {ergonomic}
     bool UseLargePagesIndividualAllocation        = false                                  {pd product} {ergonomic}

Logging:
Log output configuration:
 #0: stdout all=warning uptime,level,tags
 #1: stderr all=off uptime,level,tags

Environment Variables:
JAVA_HOME=C:\Users\Julia\.jdks\jbr-11.0.13\bin
PATH=C:\Program Files\NVIDIA GPU Computing Toolkit\CUDA\v11.6\bin;C:\Program Files\NVIDIA GPU Computing Toolkit\CUDA\v11.6\libnvvp;C:\Program Files (x86)\Common Files\Oracle\Java\javapath;C:\Windows\system32;C:\Windows;C:\Windows\System32\Wbem;C:\Windows\System32\WindowsPowerShell\v1.0\;C:\Program Files\Git\cmd;C:\Program Files\MATLAB\R2016b\runtime\win64;C:\Program Files\MATLAB\R2016b\bin;C:\Program Files\MATLAB\R2016b\polyspace\bin;C:\Program Files\NVIDIA Corporation\Nsight Compute 2022.1.1\;C:\Program Files (x86)\NVIDIA Corporation\PhysX\Common;;C:\Program Files\Docker\Docker\resources\bin;C:\ProgramData\DockerDesktop\version-bin;C:\Users\Julia\AppData\Local\Microsoft\WindowsApps;C:\intelFPGA\16.1\modelsim_ase\win32aloem;C:\intelFPGA_lite\16.1\modelsim_ase\win32aloem;C:\Program Files\JetBrains\IntelliJ IDEA Community Edition 2021.3.1\bin;;C:\Program Files\JetBrains\PyCharm Community Edition 2021.3.2\bin;;C:\Users\Julia\AppData\Local\Programs\Microsoft VS Code\bin;C:\Program Files\JetBrains\CLion 2022.1.2\bin;;C:\Users\Julia\AppData\Local\Programs\Python\Python310;C:\Program Files\Graphviz\bin
USERNAME=Julia
OS=Windows_NT
PROCESSOR_IDENTIFIER=Intel64 Family 6 Model 142 Stepping 11, GenuineIntel



---------------  S Y S T E M  ---------------

OS: Windows 10 , 64 bit Build 17763 (10.0.17763.1339)
OS uptime: 1 days 0:15 hours

CPU:total 8 (initial active 8) (4 cores per cpu, 2 threads per core) family 6 model 142 stepping 11 microcode 0xb8, cmov, cx8, fxsr, mmx, sse, sse2, sse3, ssse3, sse4.1, sse4.2, popcnt, avx, avx2, aes, clmul, erms, 3dnowpref, lzcnt, ht, tsc, tscinvbit, bmi1, bmi2, adx, fma

Memory: 4k page, system-wide physical 8037M (78M free)
TotalPageFile size 10085M (AvailPageFile size 4M)
current process WorkingSet (physical memory assigned to process): 316M, peak: 316M
current process commit charge ("private bytes"): 456M, peak: 456M

vm_info: OpenJDK 64-Bit Server VM (11.0.13+8-b1890.3) for windows-amd64 JRE (11.0.13+8-b1890.3), built on Jan 14 2022 01:12:59 by "" with MS VC++ 14.0 (VS2015)

END.
