#
# There is insufficient memory for the Java Runtime Environment to continue.
# Native memory allocation (malloc) failed to allocate 1048576 bytes for AllocateHeap
# Possible reasons:
#   The system is out of physical RAM or swap space
#   The process is running with CompressedOops enabled, and the Java Heap may be blocking the growth of the native heap
# Possible solutions:
#   Reduce memory load on the system
#   Increase physical memory or swap space
#   Check if swap backing store is full
#   Decrease Java heap size (-Xmx/-Xms)
#   Decrease number of Java threads
#   Decrease Java thread stack sizes (-Xss)
#   Set larger code cache with -XX:ReservedCodeCacheSize=
#   JVM is running with Unscaled Compressed Oops mode in which the Java heap is
#     placed in the first 4GB address space. The Java Heap base address is the
#     maximum limit for the native heap growth. Please use -XX:HeapBaseMinAddress
#     to set the Java Heap base and to place the Java Heap above 4GB virtual address.
# This output file may be truncated or incomplete.
#
#  Out of Memory Error (./src/hotspot/share/memory/allocation.cpp:46), pid=1220, tid=1916
#
# JRE version: OpenJDK Runtime Environment (11.0.11+9) (build 11.0.11+9-b60-7590822)
# Java VM: OpenJDK 64-Bit Server VM (11.0.11+9-b60-7590822, mixed mode, tiered, compressed oops, g1 gc, windows-amd64)
# No core dump will be written. Minidumps are not enabled by default on client versions of Windows
#

---------------  S U M M A R Y ------------

Command Line: --add-opens=java.base/java.util=ALL-UNNAMED --add-opens=java.base/java.lang=ALL-UNNAMED --add-opens=java.base/java.lang.invoke=ALL-UNNAMED --add-opens=java.base/java.util=ALL-UNNAMED --add-opens=java.prefs/java.util.prefs=ALL-UNNAMED --add-opens=java.prefs/java.util.prefs=ALL-UNNAMED --add-opens=java.base/java.nio.charset=ALL-UNNAMED --add-opens=java.base/java.net=ALL-UNNAMED --add-opens=java.base/java.util.concurrent.atomic=ALL-UNNAMED -Xmx2048m -Dfile.encoding=UTF-8 -Duser.country=RU -Duser.language=ru -Duser.variant org.gradle.launcher.daemon.bootstrap.GradleDaemon 7.0.2

Host: Intel(R) Core(TM) i5-8265U CPU @ 1.60GHz, 8 cores, 7G,  Windows 10 , 64 bit Build 17763 (10.0.17763.1339)
Time: Sat Dec  3 17:21:10 2022 RTZ 2 (ceia) elapsed time: 85.034080 seconds (0d 0h 1m 25s)

---------------  T H R E A D  ---------------

Current thread (0x000002703e300800):  VMThread "VM Thread" [stack: 0x000000fbfb800000,0x000000fbfb900000] [id=1916]

Stack: [0x000000fbfb800000,0x000000fbfb900000]
[error occurred during error reporting (printing stack bounds), id 0xc0000005, EXCEPTION_ACCESS_VIOLATION (0xc0000005) at pc=0x0000027027130f2d]

Native frames: (J=compiled Java code, j=interpreted, Vv=VM code, C=native code)
V  [jvm.dll+0x5f214a]
V  [jvm.dll+0x726fb5]
V  [jvm.dll+0x7285cd]
V  [jvm.dll+0x728be5]
V  [jvm.dll+0x728b9b]
V  [jvm.dll+0x5f14e8]
V  [jvm.dll+0x5f1c78]
C  [ntdll.dll+0xa479f]
C  [ntdll.dll+0x4bef]
C  [ntdll.dll+0xa350e]
C  0x0000027027130f2d

VM_Operation (0x000000fbff7f50f0): CollectForMetadataAllocation, mode: safepoint, requested by thread 0x0000027040f0e800


---------------  P R O C E S S  ---------------

Threads class SMR info:
_java_thread_list=0x0000027040a5bb20, length=62, elements={
0x00000270214ee000, 0x000002703e307800, 0x000002703e308800, 0x000002703e320000,
0x000002703e321000, 0x000002703e323000, 0x000002703e324000, 0x000002703e36c000,
0x000002703e371000, 0x000002703e4dc800, 0x000002703fd9f000, 0x000002703f4eb800,
0x000002703f27a000, 0x000002703f385800, 0x000002703f6d9000, 0x000002703e6d0000,
0x000002703e6d0800, 0x000002703f573800, 0x000002703f1b5800, 0x000002703e870800,
0x000002703e871000, 0x000002703e872000, 0x000002703e86f800, 0x00000270410a9000,
0x00000270410ac800, 0x00000270410ab800, 0x00000270410ad000, 0x00000270410ab000,
0x00000270410ae000, 0x00000270410af800, 0x00000270410b4800, 0x00000270410b3000,
0x00000270410b4000, 0x00000270410b5800, 0x00000270410b7000, 0x00000270410b1800,
0x00000270410b2000, 0x0000027042e41000, 0x0000027042e41800, 0x0000027042e42800,
0x0000027042e43800, 0x0000027042e40000, 0x0000027042e44000, 0x0000027042e3e800,
0x0000027042e45000, 0x0000027042e3f000, 0x0000027040f04000, 0x0000027040f04800,
0x0000027040f05800, 0x0000027040f09000, 0x0000027040f07000, 0x0000027040f08000,
0x0000027040f03000, 0x0000027040f0d800, 0x0000027040f0b000, 0x0000027040f0e800,
0x0000027040f0a800, 0x0000027040f0f800, 0x0000027040f0c000, 0x0000027040f0d000,
0x0000027040f09800, 0x0000027040f10000
}

Java Threads: ( => current thread )
  0x00000270214ee000 JavaThread "main" [_thread_blocked, id=5664, stack(0x000000fbfb200000,0x000000fbfb300000)]
  0x000002703e307800 JavaThread "Reference Handler" daemon [_thread_blocked, id=8356, stack(0x000000fbfb900000,0x000000fbfba00000)]
  0x000002703e308800 JavaThread "Finalizer" daemon [_thread_blocked, id=9576, stack(0x000000fbfba00000,0x000000fbfbb00000)]
  0x000002703e320000 JavaThread "Signal Dispatcher" daemon [_thread_blocked, id=11404, stack(0x000000fbfbb00000,0x000000fbfbc00000)]
  0x000002703e321000 JavaThread "Attach Listener" daemon [_thread_blocked, id=11780, stack(0x000000fbfbc00000,0x000000fbfbd00000)]
  0x000002703e323000 JavaThread "Service Thread" daemon [_thread_blocked, id=13292, stack(0x000000fbfbd00000,0x000000fbfbe00000)]
  0x000002703e324000 JavaThread "C2 CompilerThread0" daemon [_thread_blocked, id=8280, stack(0x000000fbfbe00000,0x000000fbfbf00000)]
  0x000002703e36c000 JavaThread "C1 CompilerThread0" daemon [_thread_blocked, id=12944, stack(0x000000fbfbf00000,0x000000fbfc000000)]
  0x000002703e371000 JavaThread "Sweeper thread" daemon [_thread_blocked, id=8052, stack(0x000000fbfc000000,0x000000fbfc100000)]
  0x000002703e4dc800 JavaThread "Common-Cleaner" daemon [_thread_blocked, id=2416, stack(0x000000fbfc100000,0x000000fbfc200000)]
  0x000002703fd9f000 JavaThread "Daemon health stats" [_thread_blocked, id=13024, stack(0x000000fbfc600000,0x000000fbfc700000)]
  0x000002703f4eb800 JavaThread "Incoming local TCP Connector on port 62001" [_thread_in_native, id=5632, stack(0x000000fbfc300000,0x000000fbfc400000)]
  0x000002703f27a000 JavaThread "Daemon periodic checks" [_thread_blocked, id=7428, stack(0x000000fbfc700000,0x000000fbfc800000)]
  0x000002703f385800 JavaThread "Daemon" [_thread_blocked, id=6108, stack(0x000000fbfc800000,0x000000fbfc900000)]
  0x000002703f6d9000 JavaThread "Handler for socket connection from /127.0.0.1:62001 to /127.0.0.1:62004" [_thread_in_native, id=12100, stack(0x000000fbfc900000,0x000000fbfca00000)]
  0x000002703e6d0000 JavaThread "Cancel handler" [_thread_blocked, id=4704, stack(0x000000fbfca00000,0x000000fbfcb00000)]
  0x000002703e6d0800 JavaThread "Daemon worker" [_thread_blocked, id=12336, stack(0x000000fbfcb00000,0x000000fbfcc00000)]
  0x000002703f573800 JavaThread "Asynchronous log dispatcher for DefaultDaemonConnection: socket connection from /127.0.0.1:62001 to /127.0.0.1:62004" [_thread_blocked, id=7316, stack(0x000000fbfcc00000,0x000000fbfcd00000)]
  0x000002703f1b5800 JavaThread "Stdin handler" [_thread_blocked, id=2908, stack(0x000000fbfcd00000,0x000000fbfce00000)]
  0x000002703e870800 JavaThread "Daemon client event forwarder" [_thread_blocked, id=8412, stack(0x000000fbfce00000,0x000000fbfcf00000)]
  0x000002703e871000 JavaThread "Cache worker for file hash cache (C:\Users\Julia\.gradle\caches\7.0.2\fileHashes)" [_thread_blocked, id=12088, stack(0x000000fbfd400000,0x000000fbfd500000)]
  0x000002703e872000 JavaThread "File lock request listener" [_thread_in_native, id=4688, stack(0x000000fbfd500000,0x000000fbfd600000)]
  0x000002703e86f800 JavaThread "Cache worker for journal cache (C:\Users\Julia\.gradle\caches\journal-1)" [_thread_blocked, id=12168, stack(0x000000fbfd800000,0x000000fbfd900000)]
  0x00000270410a9000 JavaThread "Cache worker for file hash cache (C:\Users\Julia\AndroidStudioProjects\labs3_4_6\androidlab3_2\.gradle\7.0.2\fileHashes)" [_thread_blocked, id=6220, stack(0x000000fbfd700000,0x000000fbfd800000)]
  0x00000270410ac800 JavaThread "File watcher server" daemon [_thread_blocked, id=3156, stack(0x000000fbfd900000,0x000000fbfda00000)]
  0x00000270410ab800 JavaThread "File watcher consumer" daemon [_thread_blocked, id=8316, stack(0x000000fbfda00000,0x000000fbfdb00000)]
  0x00000270410ad000 JavaThread "Cache worker for checksums cache (C:\Users\Julia\AndroidStudioProjects\labs3_4_6\androidlab3_2\.gradle\checksums)" [_thread_blocked, id=6496, stack(0x000000fbfdb00000,0x000000fbfdc00000)]
  0x00000270410ab000 JavaThread "Cache worker for cache directory md-supplier (C:\Users\Julia\.gradle\caches\7.0.2\md-supplier)" [_thread_blocked, id=2932, stack(0x000000fbfdc00000,0x000000fbfdd00000)]
  0x00000270410ae000 JavaThread "Cache worker for cache directory md-rule (C:\Users\Julia\.gradle\caches\7.0.2\md-rule)" [_thread_blocked, id=8080, stack(0x000000fbfdd00000,0x000000fbfde00000)]
  0x00000270410af800 JavaThread "Cache worker for execution history cache (C:\Users\Julia\.gradle\caches\7.0.2\executionHistory)" [_thread_blocked, id=2540, stack(0x000000fbfde00000,0x000000fbfdf00000)]
  0x00000270410b4800 JavaThread "File lock release action executor" [_thread_blocked, id=9028, stack(0x000000fbfdf00000,0x000000fbfe000000)]
  0x00000270410b3000 JavaThread "jar transforms" [_thread_blocked, id=3848, stack(0x000000fbfe000000,0x000000fbfe100000)]
  0x00000270410b4000 JavaThread "jar transforms Thread 2" [_thread_blocked, id=8864, stack(0x000000fbfe100000,0x000000fbfe200000)]
  0x00000270410b5800 JavaThread "Cache worker for file content cache (C:\Users\Julia\.gradle\caches\7.0.2\fileContent)" [_thread_blocked, id=10920, stack(0x000000fbfe200000,0x000000fbfe300000)]
  0x00000270410b7000 JavaThread "Cache worker for dependencies-accessors (C:\Users\Julia\AndroidStudioProjects\labs3_4_6\androidlab3_2\.gradle\7.0.2\dependencies-accessors)" [_thread_blocked, id=12296, stack(0x000000fbfe300000,0x000000fbfe400000)]
  0x00000270410b1800 JavaThread "jar transforms Thread 3" [_thread_blocked, id=8836, stack(0x000000fbfe400000,0x000000fbfe500000)]
  0x00000270410b2000 JavaThread "Cache worker for Build Output Cleanup Cache (C:\Users\Julia\AndroidStudioProjects\labs3_4_6\androidlab3_2\.gradle\buildOutputCleanup)" [_thread_blocked, id=11284, stack(0x000000fbfe500000,0x000000fbfe600000)]
  0x0000027042e41000 JavaThread "Build operations" [_thread_blocked, id=7920, stack(0x000000fbfe600000,0x000000fbfe700000)]
  0x0000027042e41800 JavaThread "Build operations Thread 2" [_thread_blocked, id=12436, stack(0x000000fbfe700000,0x000000fbfe800000)]
  0x0000027042e42800 JavaThread "Build operations Thread 3" [_thread_blocked, id=8976, stack(0x000000fbfe800000,0x000000fbfe900000)]
  0x0000027042e43800 JavaThread "Build operations Thread 4" [_thread_blocked, id=9152, stack(0x000000fbfe900000,0x000000fbfea00000)]
  0x0000027042e40000 JavaThread "Build operations Thread 5" [_thread_blocked, id=2412, stack(0x000000fbfea00000,0x000000fbfeb00000)]
  0x0000027042e44000 JavaThread "Build operations Thread 6" [_thread_blocked, id=11480, stack(0x000000fbfeb00000,0x000000fbfec00000)]
  0x0000027042e3e800 JavaThread "Build operations Thread 7" [_thread_blocked, id=6956, stack(0x000000fbfec00000,0x000000fbfed00000)]
  0x0000027042e45000 JavaThread "Build operations Thread 8" [_thread_blocked, id=7328, stack(0x000000fbfed00000,0x000000fbfee00000)]
  0x0000027042e3f000 JavaThread "jar transforms Thread 4" [_thread_blocked, id=7716, stack(0x000000fbfee00000,0x000000fbfef00000)]
  0x0000027040f04000 JavaThread "jar transforms Thread 5" [_thread_blocked, id=1628, stack(0x000000fbfef00000,0x000000fbff000000)]
  0x0000027040f04800 JavaThread "jar transforms Thread 6" [_thread_blocked, id=7728, stack(0x000000fbff000000,0x000000fbff100000)]
  0x0000027040f05800 JavaThread "jar transforms Thread 7" [_thread_blocked, id=6256, stack(0x000000fbff100000,0x000000fbff200000)]
  0x0000027040f09000 JavaThread "jar transforms Thread 8" [_thread_blocked, id=12716, stack(0x000000fbff200000,0x000000fbff300000)]
  0x0000027040f07000 JavaThread "Memory manager" [_thread_blocked, id=10544, stack(0x000000fbfaf00000,0x000000fbfb000000)]
  0x0000027040f08000 JavaThread "build event listener" [_thread_blocked, id=1996, stack(0x000000fbfb000000,0x000000fbfb100000)]
  0x0000027040f03000 JavaThread "pool-3-thread-1" [_thread_blocked, id=7072, stack(0x000000fbfb100000,0x000000fbfb200000)]
  0x0000027040f0d800 JavaThread "build event listener" [_thread_blocked, id=9328, stack(0x000000fbff500000,0x000000fbff600000)]
  0x0000027040f0b000 JavaThread "Execution worker for ':'" [_thread_blocked, id=3696, stack(0x000000fbff600000,0x000000fbff700000)]
  0x0000027040f0e800 JavaThread "Execution worker for ':' Thread 2" [_thread_blocked, id=9600, stack(0x000000fbff700000,0x000000fbff800000)]
  0x0000027040f0a800 JavaThread "Execution worker for ':' Thread 3" [_thread_blocked, id=8108, stack(0x000000fbff800000,0x000000fbff900000)]
  0x0000027040f0f800 JavaThread "Execution worker for ':' Thread 4" [_thread_blocked, id=8580, stack(0x000000fbff900000,0x000000fbffa00000)]
  0x0000027040f0c000 JavaThread "Execution worker for ':' Thread 5" [_thread_blocked, id=7856, stack(0x000000fbffa00000,0x000000fbffb00000)]
  0x0000027040f0d000 JavaThread "Execution worker for ':' Thread 6" [_thread_blocked, id=12364, stack(0x000000fbffb00000,0x000000fbffc00000)]
  0x0000027040f09800 JavaThread "Execution worker for ':' Thread 7" [_thread_blocked, id=12304, stack(0x000000fbffc00000,0x000000fbffd00000)]
  0x0000027040f10000 JavaThread "Cache worker for execution history cache (C:\Users\Julia\AndroidStudioProjects\labs3_4_6\androidlab3_2\.gradle\7.0.2\executionHistory)" [_thread_blocked, id=10360, stack(0x000000fbffd00000,0x000000fbffe00000)]

Other Threads:
=>0x000002703e300800 VMThread "VM Thread" [stack: 0x000000fbfb800000,0x000000fbfb900000] [id=1916]
  0x000002703e4f5000 WatcherThread [stack: 0x000000fbfc200000,0x000000fbfc300000] [id=9420]
  0x000002702369e800 GCTaskThread "GC Thread#0" [stack: 0x000000fbfb300000,0x000000fbfb400000] [id=6240]
  0x000002703f135800 GCTaskThread "GC Thread#1" [stack: 0x000000fbfc400000,0x000000fbfc500000] [id=9540]
  0x000002703ef78000 GCTaskThread "GC Thread#2" [stack: 0x000000fbfc500000,0x000000fbfc600000] [id=3208]
  0x000002703f1cd000 GCTaskThread "GC Thread#3" [stack: 0x000000fbfcf00000,0x000000fbfd000000] [id=5568]
  0x000002703f02a800 GCTaskThread "GC Thread#4" [stack: 0x000000fbfd000000,0x000000fbfd100000] [id=2008]
  0x000002703f6c1800 GCTaskThread "GC Thread#5" [stack: 0x000000fbfd100000,0x000000fbfd200000] [id=5888]
  0x000002703e478800 GCTaskThread "GC Thread#6" [stack: 0x000000fbfd200000,0x000000fbfd300000] [id=9268]
  0x000002703f7a9800 GCTaskThread "GC Thread#7" [stack: 0x000000fbfd300000,0x000000fbfd400000] [id=7784]
  0x00000270236cf800 ConcurrentGCThread "G1 Main Marker" [stack: 0x000000fbfb400000,0x000000fbfb500000] [id=1872]
  0x00000270236d1000 ConcurrentGCThread "G1 Conc#0" [stack: 0x000000fbfb500000,0x000000fbfb600000] [id=2604]
  0x000002703e3fa000 ConcurrentGCThread "G1 Conc#1" [stack: 0x000000fbfd600000,0x000000fbfd700000] [id=12920]
  0x000002703d94b000 ConcurrentGCThread "G1 Refine#0" [stack: 0x000000fbfb600000,0x000000fbfb700000] [id=6296]
  0x000002703d94c000 ConcurrentGCThread "G1 Young RemSet Sampling" [stack: 0x000000fbfb700000,0x000000fbfb800000] [id=5940]

Threads with active compile tasks:
C2 CompilerThread0  85080 10075       4       java.net.URLClassLoader$1::run (5 bytes)

VM state:at safepoint (normal execution)

VM Mutex/Monitor currently owned by a thread:  ([mutex/lock_event])
[0x00000270214ea330] Threads_lock - owner thread: 0x000002703e300800
[0x00000270214eaba0] Heap_lock - owner thread: 0x0000027040f0e800

Heap address: 0x0000000080000000, size: 2048 MB, Compressed Oops mode: 32-bit
Narrow klass base: 0x0000000000000000, Narrow klass shift: 3
Compressed class space size: 1073741824 Address: 0x0000000100000000

Heap:
 garbage-first heap   total 129024K, used 78167K [0x0000000080000000, 0x0000000100000000)
  region size 1024K, 2 young (2048K), 2 survivors (2048K)
 Metaspace       used 89300K, capacity 91271K, committed 91776K, reserved 1136640K
  class space    used 11443K, capacity 12213K, committed 12416K, reserved 1048576K
Heap Regions: E=young(eden), S=young(survivor), O=old, HS=humongous(starts), HC=humongous(continues), CS=collection set, F=free, A=archive, TAMS=top-at-mark-start (previous, next)
|   0|0x0000000080000000, 0x0000000080100000, 0x0000000080100000|100%| O|  |TAMS 0x0000000080100000, 0x0000000080100000| Untracked 
|   1|0x0000000080100000, 0x0000000080200000, 0x0000000080200000|100%| O|  |TAMS 0x0000000080200000, 0x0000000080200000| Untracked 
|   2|0x0000000080200000, 0x0000000080300000, 0x0000000080300000|100%| O|  |TAMS 0x0000000080300000, 0x0000000080300000| Untracked 
|   3|0x0000000080300000, 0x0000000080400000, 0x0000000080400000|100%|HS|  |TAMS 0x0000000080400000, 0x0000000080400000| Complete 
|   4|0x0000000080400000, 0x0000000080500000, 0x0000000080500000|100%|HC|  |TAMS 0x0000000080500000, 0x0000000080500000| Complete 
|   5|0x0000000080500000, 0x0000000080600000, 0x0000000080600000|100%|HC|  |TAMS 0x0000000080600000, 0x0000000080600000| Complete 
|   6|0x0000000080600000, 0x0000000080700000, 0x0000000080700000|100%| O|  |TAMS 0x0000000080700000, 0x0000000080700000| Untracked 
|   7|0x0000000080700000, 0x0000000080800000, 0x0000000080800000|100%| O|  |TAMS 0x0000000080800000, 0x0000000080800000| Untracked 
|   8|0x0000000080800000, 0x0000000080900000, 0x0000000080900000|100%| O|  |TAMS 0x0000000080900000, 0x0000000080900000| Untracked 
|   9|0x0000000080900000, 0x0000000080a00000, 0x0000000080a00000|100%| O|  |TAMS 0x0000000080a00000, 0x0000000080a00000| Untracked 
|  10|0x0000000080a00000, 0x0000000080b00000, 0x0000000080b00000|100%| O|  |TAMS 0x0000000080b00000, 0x0000000080b00000| Untracked 
|  11|0x0000000080b00000, 0x0000000080c00000, 0x0000000080c00000|100%| O|  |TAMS 0x0000000080c00000, 0x0000000080c00000| Untracked 
|  12|0x0000000080c00000, 0x0000000080d00000, 0x0000000080d00000|100%| O|  |TAMS 0x0000000080d00000, 0x0000000080d00000| Untracked 
|  13|0x0000000080d00000, 0x0000000080e00000, 0x0000000080e00000|100%| O|  |TAMS 0x0000000080e00000, 0x0000000080e00000| Untracked 
|  14|0x0000000080e00000, 0x0000000080f00000, 0x0000000080f00000|100%| O|  |TAMS 0x0000000080f00000, 0x0000000080f00000| Untracked 
|  15|0x0000000080f00000, 0x0000000081000000, 0x0000000081000000|100%| O|  |TAMS 0x0000000081000000, 0x0000000081000000| Untracked 
|  16|0x0000000081000000, 0x0000000081100000, 0x0000000081100000|100%|HS|  |TAMS 0x0000000081100000, 0x0000000081100000| Complete 
|  17|0x0000000081100000, 0x0000000081200000, 0x0000000081200000|100%| O|  |TAMS 0x0000000081200000, 0x0000000081200000| Untracked 
|  18|0x0000000081200000, 0x0000000081300000, 0x0000000081300000|100%| O|  |TAMS 0x0000000081300000, 0x0000000081300000| Untracked 
|  19|0x0000000081300000, 0x0000000081400000, 0x0000000081400000|100%| O|  |TAMS 0x0000000081400000, 0x0000000081400000| Untracked 
|  20|0x0000000081400000, 0x0000000081500000, 0x0000000081500000|100%| O|  |TAMS 0x0000000081500000, 0x0000000081500000| Untracked 
|  21|0x0000000081500000, 0x0000000081600000, 0x0000000081600000|100%| O|  |TAMS 0x0000000081600000, 0x0000000081600000| Untracked 
|  22|0x0000000081600000, 0x0000000081700000, 0x0000000081700000|100%| O|  |TAMS 0x0000000081700000, 0x0000000081700000| Untracked 
|  23|0x0000000081700000, 0x0000000081800000, 0x0000000081800000|100%|HS|  |TAMS 0x0000000081800000, 0x0000000081800000| Complete 
|  24|0x0000000081800000, 0x0000000081900000, 0x0000000081900000|100%|HS|  |TAMS 0x0000000081900000, 0x0000000081900000| Complete 
|  25|0x0000000081900000, 0x0000000081a00000, 0x0000000081a00000|100%|HS|  |TAMS 0x0000000081a00000, 0x0000000081a00000| Complete 
|  26|0x0000000081a00000, 0x0000000081b00000, 0x0000000081b00000|100%|HC|  |TAMS 0x0000000081b00000, 0x0000000081b00000| Complete 
|  27|0x0000000081b00000, 0x0000000081c00000, 0x0000000081c00000|100%|HC|  |TAMS 0x0000000081c00000, 0x0000000081c00000| Complete 
|  28|0x0000000081c00000, 0x0000000081d00000, 0x0000000081d00000|100%|HS|  |TAMS 0x0000000081d00000, 0x0000000081d00000| Complete 
|  29|0x0000000081d00000, 0x0000000081e00000, 0x0000000081e00000|100%|HC|  |TAMS 0x0000000081e00000, 0x0000000081e00000| Complete 
|  30|0x0000000081e00000, 0x0000000081f00000, 0x0000000081f00000|100%| O|  |TAMS 0x0000000081f00000, 0x0000000081f00000| Untracked 
|  31|0x0000000081f00000, 0x0000000082000000, 0x0000000082000000|100%| O|  |TAMS 0x0000000082000000, 0x0000000082000000| Untracked 
|  32|0x0000000082000000, 0x0000000082100000, 0x0000000082100000|100%| O|  |TAMS 0x0000000082100000, 0x0000000082100000| Untracked 
|  33|0x0000000082100000, 0x0000000082200000, 0x0000000082200000|100%| O|  |TAMS 0x0000000082200000, 0x0000000082200000| Untracked 
|  34|0x0000000082200000, 0x0000000082300000, 0x0000000082300000|100%| O|  |TAMS 0x0000000082300000, 0x0000000082300000| Untracked 
|  35|0x0000000082300000, 0x0000000082400000, 0x0000000082400000|100%| O|  |TAMS 0x0000000082400000, 0x0000000082400000| Untracked 
|  36|0x0000000082400000, 0x0000000082500000, 0x0000000082500000|100%| O|  |TAMS 0x0000000082500000, 0x0000000082500000| Untracked 
|  37|0x0000000082500000, 0x0000000082600000, 0x0000000082600000|100%| O|  |TAMS 0x0000000082600000, 0x0000000082600000| Untracked 
|  38|0x0000000082600000, 0x0000000082700000, 0x0000000082700000|100%| O|  |TAMS 0x0000000082700000, 0x0000000082700000| Untracked 
|  39|0x0000000082700000, 0x0000000082800000, 0x0000000082800000|100%| O|  |TAMS 0x0000000082800000, 0x0000000082800000| Untracked 
|  40|0x0000000082800000, 0x0000000082900000, 0x0000000082900000|100%| O|  |TAMS 0x0000000082900000, 0x0000000082900000| Untracked 
|  41|0x0000000082900000, 0x0000000082a00000, 0x0000000082a00000|100%| O|  |TAMS 0x0000000082a00000, 0x0000000082a00000| Untracked 
|  42|0x0000000082a00000, 0x0000000082b00000, 0x0000000082b00000|100%| O|  |TAMS 0x0000000082b00000, 0x0000000082b00000| Untracked 
|  43|0x0000000082b00000, 0x0000000082c00000, 0x0000000082c00000|100%| O|  |TAMS 0x0000000082c00000, 0x0000000082c00000| Untracked 
|  44|0x0000000082c00000, 0x0000000082d00000, 0x0000000082d00000|100%| O|  |TAMS 0x0000000082d00000, 0x0000000082d00000| Untracked 
|  45|0x0000000082d00000, 0x0000000082e00000, 0x0000000082e00000|100%| O|  |TAMS 0x0000000082e00000, 0x0000000082e00000| Untracked 
|  46|0x0000000082e00000, 0x0000000082f00000, 0x0000000082f00000|100%| O|  |TAMS 0x0000000082f00000, 0x0000000082f00000| Untracked 
|  47|0x0000000082f00000, 0x0000000083000000, 0x0000000083000000|100%| O|  |TAMS 0x0000000083000000, 0x0000000083000000| Untracked 
|  48|0x0000000083000000, 0x0000000083100000, 0x0000000083100000|100%| O|  |TAMS 0x0000000083100000, 0x0000000083100000| Untracked 
|  49|0x0000000083100000, 0x0000000083200000, 0x0000000083200000|100%| O|  |TAMS 0x0000000083200000, 0x0000000083200000| Untracked 
|  50|0x0000000083200000, 0x0000000083300000, 0x0000000083300000|100%| O|  |TAMS 0x0000000083300000, 0x0000000083300000| Untracked 
|  51|0x0000000083300000, 0x0000000083400000, 0x0000000083400000|100%| O|  |TAMS 0x0000000083400000, 0x0000000083400000| Untracked 
|  52|0x0000000083400000, 0x0000000083500000, 0x0000000083500000|100%| O|  |TAMS 0x0000000083500000, 0x0000000083500000| Untracked 
|  53|0x0000000083500000, 0x0000000083600000, 0x0000000083600000|100%| O|  |TAMS 0x0000000083600000, 0x0000000083600000| Untracked 
|  54|0x0000000083600000, 0x0000000083700000, 0x0000000083700000|100%| O|  |TAMS 0x0000000083700000, 0x0000000083700000| Untracked 
|  55|0x0000000083700000, 0x0000000083800000, 0x0000000083800000|100%| O|  |TAMS 0x0000000083800000, 0x0000000083800000| Untracked 
|  56|0x0000000083800000, 0x0000000083900000, 0x0000000083900000|100%| O|  |TAMS 0x0000000083900000, 0x0000000083900000| Untracked 
|  57|0x0000000083900000, 0x0000000083a00000, 0x0000000083a00000|100%| O|  |TAMS 0x0000000083a00000, 0x0000000083a00000| Untracked 
|  58|0x0000000083a00000, 0x0000000083b00000, 0x0000000083b00000|100%| O|  |TAMS 0x0000000083b00000, 0x0000000083b00000| Untracked 
|  59|0x0000000083b00000, 0x0000000083c00000, 0x0000000083c00000|100%| O|  |TAMS 0x0000000083c00000, 0x0000000083c00000| Untracked 
|  60|0x0000000083c00000, 0x0000000083d00000, 0x0000000083d00000|100%| O|  |TAMS 0x0000000083d00000, 0x0000000083d00000| Untracked 
|  61|0x0000000083d00000, 0x0000000083e00000, 0x0000000083e00000|100%| O|  |TAMS 0x0000000083e00000, 0x0000000083e00000| Untracked 
|  62|0x0000000083e00000, 0x0000000083f00000, 0x0000000083f00000|100%| O|  |TAMS 0x0000000083f00000, 0x0000000083f00000| Untracked 
|  63|0x0000000083f00000, 0x0000000084000000, 0x0000000084000000|100%| O|  |TAMS 0x0000000084000000, 0x0000000084000000| Untracked 
|  64|0x0000000084000000, 0x0000000084100000, 0x0000000084100000|100%| O|  |TAMS 0x0000000084100000, 0x0000000084100000| Untracked 
|  65|0x0000000084100000, 0x0000000084200000, 0x0000000084200000|100%| O|  |TAMS 0x0000000084200000, 0x0000000084200000| Untracked 
|  66|0x0000000084200000, 0x0000000084300000, 0x0000000084300000|100%| O|  |TAMS 0x0000000084300000, 0x0000000084300000| Untracked 
|  67|0x0000000084300000, 0x0000000084400000, 0x0000000084400000|100%| O|  |TAMS 0x0000000084400000, 0x0000000084400000| Untracked 
|  68|0x0000000084400000, 0x0000000084500000, 0x0000000084500000|100%| O|  |TAMS 0x0000000084500000, 0x0000000084500000| Untracked 
|  69|0x0000000084500000, 0x0000000084600000, 0x0000000084600000|100%| O|  |TAMS 0x0000000084600000, 0x0000000084600000| Untracked 
|  70|0x0000000084600000, 0x0000000084700000, 0x0000000084700000|100%| O|  |TAMS 0x0000000084700000, 0x0000000084700000| Untracked 
|  71|0x0000000084700000, 0x0000000084800000, 0x0000000084800000|100%| O|  |TAMS 0x0000000084800000, 0x0000000084800000| Untracked 
|  72|0x0000000084800000, 0x0000000084900000, 0x0000000084900000|100%| O|  |TAMS 0x0000000084900000, 0x0000000084900000| Untracked 
|  73|0x0000000084900000, 0x0000000084a00000, 0x0000000084a00000|100%| O|  |TAMS 0x000000008491e600, 0x0000000084a00000| Untracked 
|  74|0x0000000084a00000, 0x0000000084b00000, 0x0000000084b00000|100%| O|  |TAMS 0x0000000084a00000, 0x0000000084b00000| Untracked 
|  75|0x0000000084b00000, 0x0000000084b10e00, 0x0000000084c00000|  6%| O|  |TAMS 0x0000000084b00000, 0x0000000084b10e00| Untracked 
|  76|0x0000000084c00000, 0x0000000084c00000, 0x0000000084d00000|  0%| F|  |TAMS 0x0000000084c00000, 0x0000000084c00000| Untracked 
|  77|0x0000000084d00000, 0x0000000084d00000, 0x0000000084e00000|  0%| F|  |TAMS 0x0000000084d00000, 0x0000000084d00000| Untracked 
|  78|0x0000000084e00000, 0x0000000084e00000, 0x0000000084f00000|  0%| F|  |TAMS 0x0000000084e00000, 0x0000000084e00000| Untracked 
|  79|0x0000000084f00000, 0x0000000084f00000, 0x0000000085000000|  0%| F|  |TAMS 0x0000000084f00000, 0x0000000084f00000| Untracked 
|  80|0x0000000085000000, 0x0000000085000000, 0x0000000085100000|  0%| F|  |TAMS 0x0000000085000000, 0x0000000085000000| Untracked 
|  81|0x0000000085100000, 0x0000000085100000, 0x0000000085200000|  0%| F|  |TAMS 0x0000000085100000, 0x0000000085100000| Untracked 
|  82|0x0000000085200000, 0x0000000085200000, 0x0000000085300000|  0%| F|  |TAMS 0x0000000085200000, 0x0000000085200000| Untracked 
|  83|0x0000000085300000, 0x0000000085300000, 0x0000000085400000|  0%| F|  |TAMS 0x0000000085300000, 0x0000000085300000| Untracked 
|  84|0x0000000085400000, 0x0000000085400000, 0x0000000085500000|  0%| F|  |TAMS 0x0000000085400000, 0x0000000085400000| Untracked 
|  85|0x0000000085500000, 0x0000000085500000, 0x0000000085600000|  0%| F|  |TAMS 0x0000000085500000, 0x0000000085500000| Untracked 
|  86|0x0000000085600000, 0x0000000085600000, 0x0000000085700000|  0%| F|  |TAMS 0x0000000085600000, 0x0000000085600000| Untracked 
|  87|0x0000000085700000, 0x0000000085700000, 0x0000000085800000|  0%| F|  |TAMS 0x0000000085700000, 0x0000000085700000| Untracked 
|  88|0x0000000085800000, 0x0000000085800000, 0x0000000085900000|  0%| F|  |TAMS 0x0000000085800000, 0x0000000085800000| Untracked 
|  89|0x0000000085900000, 0x0000000085900000, 0x0000000085a00000|  0%| F|  |TAMS 0x0000000085900000, 0x0000000085900000| Untracked 
|  90|0x0000000085a00000, 0x0000000085a00000, 0x0000000085b00000|  0%| F|  |TAMS 0x0000000085a00000, 0x0000000085a00000| Untracked 
|  91|0x0000000085b00000, 0x0000000085b00000, 0x0000000085c00000|  0%| F|  |TAMS 0x0000000085b00000, 0x0000000085b00000| Untracked 
|  92|0x0000000085c00000, 0x0000000085c00000, 0x0000000085d00000|  0%| F|  |TAMS 0x0000000085c00000, 0x0000000085c00000| Untracked 
|  93|0x0000000085d00000, 0x0000000085d00000, 0x0000000085e00000|  0%| F|  |TAMS 0x0000000085d00000, 0x0000000085d00000| Untracked 
|  94|0x0000000085e00000, 0x0000000085e00000, 0x0000000085f00000|  0%| F|  |TAMS 0x0000000085e00000, 0x0000000085e00000| Untracked 
|  95|0x0000000085f00000, 0x0000000085f00000, 0x0000000086000000|  0%| F|  |TAMS 0x0000000085f00000, 0x0000000085f00000| Untracked 
|  96|0x0000000086000000, 0x0000000086000000, 0x0000000086100000|  0%| F|  |TAMS 0x0000000086000000, 0x0000000086000000| Untracked 
|  97|0x0000000086100000, 0x0000000086100000, 0x0000000086200000|  0%| F|  |TAMS 0x0000000086100000, 0x0000000086100000| Untracked 
|  98|0x0000000086200000, 0x0000000086200000, 0x0000000086300000|  0%| F|  |TAMS 0x0000000086200000, 0x0000000086200000| Untracked 
|  99|0x0000000086300000, 0x0000000086300000, 0x0000000086400000|  0%| F|  |TAMS 0x0000000086300000, 0x0000000086300000| Untracked 
| 100|0x0000000086400000, 0x0000000086400000, 0x0000000086500000|  0%| F|  |TAMS 0x0000000086400000, 0x0000000086400000| Untracked 
| 101|0x0000000086500000, 0x0000000086500000, 0x0000000086600000|  0%| F|  |TAMS 0x0000000086500000, 0x0000000086500000| Untracked 
| 102|0x0000000086600000, 0x0000000086600000, 0x0000000086700000|  0%| F|  |TAMS 0x0000000086600000, 0x0000000086600000| Untracked 
| 103|0x0000000086700000, 0x0000000086700000, 0x0000000086800000|  0%| F|  |TAMS 0x0000000086700000, 0x0000000086700000| Untracked 
| 104|0x0000000086800000, 0x0000000086845000, 0x0000000086900000| 26%| S|CS|TAMS 0x0000000086800000, 0x0000000086800000| Complete 
| 105|0x0000000086900000, 0x0000000086a00000, 0x0000000086a00000|100%| S|CS|TAMS 0x0000000086900000, 0x0000000086900000| Complete 
| 106|0x0000000086a00000, 0x0000000086a00000, 0x0000000086b00000|  0%| F|  |TAMS 0x0000000086a00000, 0x0000000086a00000| Untracked 
| 107|0x0000000086b00000, 0x0000000086b00000, 0x0000000086c00000|  0%| F|  |TAMS 0x0000000086b00000, 0x0000000086b00000| Untracked 
| 108|0x0000000086c00000, 0x0000000086c00000, 0x0000000086d00000|  0%| F|  |TAMS 0x0000000086c00000, 0x0000000086c00000| Untracked 
| 109|0x0000000086d00000, 0x0000000086d00000, 0x0000000086e00000|  0%| F|  |TAMS 0x0000000086d00000, 0x0000000086d00000| Untracked 
| 110|0x0000000086e00000, 0x0000000086e00000, 0x0000000086f00000|  0%| F|  |TAMS 0x0000000086e00000, 0x0000000086e00000| Untracked 
| 111|0x0000000086f00000, 0x0000000086f00000, 0x0000000087000000|  0%| F|  |TAMS 0x0000000086f00000, 0x0000000086f00000| Untracked 
| 112|0x0000000087000000, 0x0000000087000000, 0x0000000087100000|  0%| F|  |TAMS 0x0000000087000000, 0x0000000087000000| Untracked 
| 113|0x0000000087100000, 0x0000000087100000, 0x0000000087200000|  0%| F|  |TAMS 0x0000000087100000, 0x0000000087100000| Untracked 
| 114|0x0000000087200000, 0x0000000087200000, 0x0000000087300000|  0%| F|  |TAMS 0x0000000087200000, 0x0000000087200000| Untracked 
| 115|0x0000000087300000, 0x0000000087300000, 0x0000000087400000|  0%| F|  |TAMS 0x0000000087300000, 0x0000000087300000| Untracked 
| 116|0x0000000087400000, 0x0000000087400000, 0x0000000087500000|  0%| F|  |TAMS 0x0000000087400000, 0x0000000087400000| Untracked 
| 117|0x0000000087500000, 0x0000000087500000, 0x0000000087600000|  0%| F|  |TAMS 0x0000000087500000, 0x0000000087500000| Untracked 
| 118|0x0000000087600000, 0x0000000087600000, 0x0000000087700000|  0%| F|  |TAMS 0x0000000087600000, 0x0000000087600000| Untracked 
| 119|0x0000000087700000, 0x0000000087700000, 0x0000000087800000|  0%| F|  |TAMS 0x0000000087700000, 0x0000000087700000| Untracked 
| 120|0x0000000087800000, 0x0000000087800000, 0x0000000087900000|  0%| F|  |TAMS 0x0000000087800000, 0x0000000087800000| Untracked 
| 121|0x0000000087900000, 0x0000000087900000, 0x0000000087a00000|  0%| F|  |TAMS 0x0000000087900000, 0x0000000087900000| Untracked 
| 122|0x0000000087a00000, 0x0000000087a00000, 0x0000000087b00000|  0%| F|  |TAMS 0x0000000087a00000, 0x0000000087a00000| Untracked 
| 123|0x0000000087b00000, 0x0000000087b00000, 0x0000000087c00000|  0%| F|  |TAMS 0x0000000087b00000, 0x0000000087b00000| Untracked 
| 124|0x0000000087c00000, 0x0000000087c00000, 0x0000000087d00000|  0%| F|  |TAMS 0x0000000087c00000, 0x0000000087c00000| Untracked 
| 125|0x0000000087d00000, 0x0000000087d00000, 0x0000000087e00000|  0%| F|  |TAMS 0x0000000087d00000, 0x0000000087d00000| Untracked 

Card table byte_map: [0x0000027036860000,0x0000027036c60000] _byte_map_base: 0x0000027036460000

Marking Bits (Prev, Next): (CMBitMap*) 0x00000270236c68e8, (CMBitMap*) 0x00000270236c6920
 Prev Bits: [0x0000027037060000, 0x0000027039060000)
 Next Bits: [0x0000027039060000, 0x000002703b060000)

Polling page: 0x0000027021560000

Metaspace:

Usage:
  Non-class:     77.21 MB capacity,    76.03 MB ( 98%) used,   962.80 KB (  1%) free+waste,   237.88 KB ( <1%) overhead. 
      Class:     11.93 MB capacity,    11.18 MB ( 94%) used,   662.59 KB (  5%) free+waste,   106.75 KB ( <1%) overhead. 
       Both:     89.13 MB capacity,    87.21 MB ( 98%) used,     1.59 MB (  2%) free+waste,   344.63 KB ( <1%) overhead. 

Virtual space:
  Non-class space:       86.00 MB reserved,      77.50 MB ( 90%) committed 
      Class space:        1.00 GB reserved,      12.13 MB (  1%) committed 
             Both:        1.08 GB reserved,      89.63 MB (  8%) committed 

Chunk freelists:
   Non-Class:  302.00 KB
       Class:  139.00 KB
        Both:  441.00 KB

MaxMetaspaceSize: 17179869184.00 GB
CompressedClassSpaceSize: 1.00 GB

CodeHeap 'non-profiled nmethods': size=120000Kb used=4442Kb max_used=4442Kb free=115557Kb
 bounds [0x000002702ec00000, 0x000002702f060000, 0x0000027036130000]
CodeHeap 'profiled nmethods': size=120000Kb used=20379Kb max_used=20379Kb free=99620Kb
 bounds [0x00000270276d0000, 0x0000027028ac0000, 0x000002702ec00000]
CodeHeap 'non-nmethods': size=5760Kb used=2285Kb max_used=2318Kb free=3474Kb
 bounds [0x0000027027130000, 0x00000270273a0000, 0x00000270276d0000]
 total_blobs=10767 nmethods=9881 adapters=796
 compilation: enabled
              stopped_count=0, restarted_count=0
 full_count=0

Compilation events (20 events):
Event: 84.486 Thread 0x000002703e36c000 10069       3       kotlin.reflect.jvm.internal.ReflectProperties$Val::<init> (5 bytes)
Event: 84.486 Thread 0x000002703e36c000 nmethod 10069 0x0000027028ab1b10 code [0x0000027028ab1cc0, 0x0000027028ab1e18]
Event: 84.488 Thread 0x000002703e36c000 10070       3       java.lang.String::regionMatches (150 bytes)
Event: 84.489 Thread 0x000002703e36c000 nmethod 10070 0x0000027028ab1f10 code [0x0000027028ab2180, 0x0000027028ab2b48]
Event: 84.503 Thread 0x000002703e324000 nmethod 10068 0x000002702f055490 code [0x000002702f055660, 0x000002702f055aa8]
Event: 84.530 Thread 0x000002703e36c000 10071       3       java.lang.String::replace (42 bytes)
Event: 84.531 Thread 0x000002703e36c000 nmethod 10071 0x0000027028ab2e90 code [0x0000027028ab3060, 0x0000027028ab3378]
Event: 84.532 Thread 0x000002703e36c000 10072       3       kotlin.LazyKt__LazyJVMKt::lazy (21 bytes)
Event: 84.533 Thread 0x000002703e36c000 nmethod 10072 0x0000027028ab3490 code [0x0000027028ab36e0, 0x0000027028ab3d68]
Event: 84.533 Thread 0x000002703e36c000 10073       3       kotlin.SynchronizedLazyImpl::<init> (15 bytes)
Event: 84.533 Thread 0x000002703e36c000 nmethod 10073 0x0000027028ab4010 code [0x0000027028ab41c0, 0x0000027028ab4328]
Event: 84.557 Thread 0x000002703e324000 10074       4       java.lang.StringLatin1::regionMatchesCI (92 bytes)
Event: 84.578 Thread 0x000002703e324000 nmethod 10074 0x000002702f055f10 code [0x000002702f0560c0, 0x000002702f056658]
Event: 84.584 Thread 0x000002703e324000 10075       4       java.net.URLClassLoader$1::run (5 bytes)
Event: 84.598 Thread 0x000002703e36c000 10077       3       jdk.internal.module.Resources::toPackageName (39 bytes)
Event: 84.599 Thread 0x000002703e36c000 nmethod 10077 0x0000027028ab4410 code [0x0000027028ab4640, 0x0000027028ab4cb8]
Event: 84.791 Thread 0x000002703e36c000 10081   !   3       jdk.internal.loader.BuiltinClassLoader::findMiscResource (118 bytes)
Event: 84.793 Thread 0x000002703e36c000 nmethod 10081 0x0000027028ab4f10 code [0x0000027028ab51c0, 0x0000027028ab62f8]
Event: 84.996 Thread 0x000002703e36c000 10082       3       kotlin.reflect.jvm.internal.impl.name.FqNameUnsafe::<init> (28 bytes)
Event: 84.997 Thread 0x000002703e36c000 nmethod 10082 0x0000027028ab6790 code [0x0000027028ab6960, 0x0000027028ab6c68]

GC Heap History (20 events):
Event: 76.142 GC heap before
{Heap before GC invocations=15 (full 0):
 garbage-first heap   total 129024K, used 100889K [0x0000000080000000, 0x0000000100000000)
  region size 1024K, 52 young (53248K), 7 survivors (7168K)
 Metaspace       used 66739K, capacity 68160K, committed 68352K, reserved 1107968K
  class space    used 8411K, capacity 8954K, committed 8960K, reserved 1048576K
}
Event: 76.151 GC heap after
{Heap after GC invocations=16 (full 0):
 garbage-first heap   total 129024K, used 57432K [0x0000000080000000, 0x0000000100000000)
  region size 1024K, 4 young (4096K), 4 survivors (4096K)
 Metaspace       used 66739K, capacity 68160K, committed 68352K, reserved 1107968K
  class space    used 8411K, capacity 8954K, committed 8960K, reserved 1048576K
}
Event: 77.480 GC heap before
{Heap before GC invocations=16 (full 0):
 garbage-first heap   total 129024K, used 101464K [0x0000000080000000, 0x0000000100000000)
  region size 1024K, 47 young (48128K), 4 survivors (4096K)
 Metaspace       used 70714K, capacity 72326K, committed 72448K, reserved 1112064K
  class space    used 9044K, capacity 9639K, committed 9728K, reserved 1048576K
}
Event: 77.488 GC heap after
{Heap after GC invocations=17 (full 0):
 garbage-first heap   total 129024K, used 60574K [0x0000000080000000, 0x0000000100000000)
  region size 1024K, 4 young (4096K), 4 survivors (4096K)
 Metaspace       used 70714K, capacity 72326K, committed 72448K, reserved 1112064K
  class space    used 9044K, capacity 9639K, committed 9728K, reserved 1048576K
}
Event: 78.924 GC heap before
{Heap before GC invocations=17 (full 0):
 garbage-first heap   total 129024K, used 103582K [0x0000000080000000, 0x0000000100000000)
  region size 1024K, 46 young (47104K), 4 survivors (4096K)
 Metaspace       used 75031K, capacity 76698K, committed 76928K, reserved 1116160K
  class space    used 9659K, capacity 10298K, committed 10368K, reserved 1048576K
}
Event: 78.931 GC heap after
{Heap after GC invocations=18 (full 0):
 garbage-first heap   total 129024K, used 62985K [0x0000000080000000, 0x0000000100000000)
  region size 1024K, 6 young (6144K), 6 survivors (6144K)
 Metaspace       used 75031K, capacity 76698K, committed 76928K, reserved 1116160K
  class space    used 9659K, capacity 10298K, committed 10368K, reserved 1048576K
}
Event: 80.316 GC heap before
{Heap before GC invocations=18 (full 0):
 garbage-first heap   total 129024K, used 104969K [0x0000000080000000, 0x0000000100000000)
  region size 1024K, 47 young (48128K), 6 survivors (6144K)
 Metaspace       used 79716K, capacity 81539K, committed 81664K, reserved 1120256K
  class space    used 10301K, capacity 10954K, committed 11008K, reserved 1048576K
}
Event: 80.325 GC heap after
{Heap after GC invocations=19 (full 0):
 garbage-first heap   total 129024K, used 65701K [0x0000000080000000, 0x0000000100000000)
  region size 1024K, 6 young (6144K), 6 survivors (6144K)
 Metaspace       used 79716K, capacity 81539K, committed 81664K, reserved 1120256K
  class space    used 10301K, capacity 10954K, committed 11008K, reserved 1048576K
}
Event: 81.417 GC heap before
{Heap before GC invocations=19 (full 0):
 garbage-first heap   total 129024K, used 104613K [0x0000000080000000, 0x0000000100000000)
  region size 1024K, 45 young (46080K), 6 survivors (6144K)
 Metaspace       used 83022K, capacity 84851K, committed 85120K, reserved 1122304K
  class space    used 10659K, capacity 11296K, committed 11392K, reserved 1048576K
}
Event: 81.430 GC heap after
{Heap after GC invocations=20 (full 0):
 garbage-first heap   total 129024K, used 70006K [0x0000000080000000, 0x0000000100000000)
  region size 1024K, 6 young (6144K), 6 survivors (6144K)
 Metaspace       used 83022K, capacity 84851K, committed 85120K, reserved 1122304K
  class space    used 10659K, capacity 11296K, committed 11392K, reserved 1048576K
}
Event: 82.367 GC heap before
{Heap before GC invocations=21 (full 0):
 garbage-first heap   total 129024K, used 103798K [0x0000000080000000, 0x0000000100000000)
  region size 1024K, 40 young (40960K), 6 survivors (6144K)
 Metaspace       used 84919K, capacity 87090K, committed 87296K, reserved 1124352K
  class space    used 10964K, capacity 11770K, committed 11776K, reserved 1048576K
}
Event: 82.377 GC heap after
{Heap after GC invocations=22 (full 0):
 garbage-first heap   total 129024K, used 73719K [0x0000000080000000, 0x0000000100000000)
  region size 1024K, 4 young (4096K), 4 survivors (4096K)
 Metaspace       used 84919K, capacity 87090K, committed 87296K, reserved 1124352K
  class space    used 10964K, capacity 11770K, committed 11776K, reserved 1048576K
}
Event: 83.147 GC heap before
{Heap before GC invocations=22 (full 0):
 garbage-first heap   total 129024K, used 104439K [0x0000000080000000, 0x0000000100000000)
  region size 1024K, 35 young (35840K), 4 survivors (4096K)
 Metaspace       used 85230K, capacity 87396K, committed 87552K, reserved 1124352K
  class space    used 10970K, capacity 11776K, committed 11776K, reserved 1048576K
}
Event: 83.153 GC heap after
{Heap after GC invocations=23 (full 0):
 garbage-first heap   total 129024K, used 75252K [0x0000000080000000, 0x0000000100000000)
  region size 1024K, 2 young (2048K), 2 survivors (2048K)
 Metaspace       used 85230K, capacity 87396K, committed 87552K, reserved 1124352K
  class space    used 10970K, capacity 11776K, committed 11776K, reserved 1048576K
}
Event: 83.660 GC heap before
{Heap before GC invocations=24 (full 0):
 garbage-first heap   total 129024K, used 105972K [0x0000000080000000, 0x0000000100000000)
  region size 1024K, 33 young (33792K), 2 survivors (2048K)
 Metaspace       used 85715K, capacity 87880K, committed 88192K, reserved 1126400K
  class space    used 11008K, capacity 11821K, committed 11904K, reserved 1048576K
}
Event: 83.666 GC heap after
{Heap after GC invocations=25 (full 0):
 garbage-first heap   total 129024K, used 77005K [0x0000000080000000, 0x0000000100000000)
  region size 1024K, 4 young (4096K), 4 survivors (4096K)
 Metaspace       used 85715K, capacity 87880K, committed 88192K, reserved 1126400K
  class space    used 11008K, capacity 11821K, committed 11904K, reserved 1048576K
}
Event: 84.558 GC heap before
{Heap before GC invocations=25 (full 0):
 garbage-first heap   total 129024K, used 106701K [0x0000000080000000, 0x0000000100000000)
  region size 1024K, 34 young (34816K), 4 survivors (4096K)
 Metaspace       used 88088K, capacity 90253K, committed 90496K, reserved 1128448K
  class space    used 11324K, capacity 12157K, committed 12160K, reserved 1048576K
}
Event: 84.566 GC heap after
{Heap after GC invocations=26 (full 0):
 garbage-first heap   total 129024K, used 78027K [0x0000000080000000, 0x0000000100000000)
  region size 1024K, 4 young (4096K), 4 survivors (4096K)
 Metaspace       used 88088K, capacity 90253K, committed 90496K, reserved 1128448K
  class space    used 11324K, capacity 12157K, committed 12160K, reserved 1048576K
}
Event: 85.022 GC heap before
{Heap before GC invocations=27 (full 0):
 garbage-first heap   total 129024K, used 97483K [0x0000000080000000, 0x0000000100000000)
  region size 1024K, 24 young (24576K), 4 survivors (4096K)
 Metaspace       used 89300K, capacity 91271K, committed 91776K, reserved 1134592K
  class space    used 11443K, capacity 12213K, committed 12416K, reserved 1048576K
}
Event: 85.030 GC heap after
{Heap after GC invocations=28 (full 0):
 garbage-first heap   total 129024K, used 78167K [0x0000000080000000, 0x0000000100000000)
  region size 1024K, 2 young (2048K), 2 survivors (2048K)
 Metaspace       used 89300K, capacity 91271K, committed 91776K, reserved 1134592K
  class space    used 11443K, capacity 12213K, committed 12416K, reserved 1048576K
}

Deoptimization events (20 events):
Event: 83.739 Thread 0x00000270410ab800 DEOPT PACKING pc=0x000002702f02b080 sp=0x000000fbfdaff090
Event: 83.739 Thread 0x00000270410ab800 DEOPT UNPACKING pc=0x000002702715662f sp=0x000000fbfdafeff8 mode 2
Event: 84.088 Thread 0x0000027040f0e800 DEOPT PACKING pc=0x0000027028a3c454 sp=0x000000fbff7f9960
Event: 84.088 Thread 0x0000027040f0e800 DEOPT UNPACKING pc=0x0000027027156dde sp=0x000000fbff7f8ea0 mode 0
Event: 84.105 Thread 0x0000027040f0e800 DEOPT PACKING pc=0x0000027028a58798 sp=0x000000fbff7f9960
Event: 84.105 Thread 0x0000027040f0e800 DEOPT UNPACKING pc=0x0000027027156dde sp=0x000000fbff7f8ea0 mode 0
Event: 84.289 Thread 0x0000027040f0e800 Uncommon trap: trap_request=0xffffff4d fr.pc=0x000002702ecc7c9c relative=0x000000000000043c
Event: 84.289 Thread 0x0000027040f0e800 Uncommon trap: reason=unstable_if action=reinterpret pc=0x000002702ecc7c9c method=sun.nio.cs.UTF_8$Encoder.encodeArrayLoop(Ljava/nio/CharBuffer;Ljava/nio/ByteBuffer;)Ljava/nio/charset/CoderResult; @ 113 c2
Event: 84.289 Thread 0x0000027040f0e800 DEOPT PACKING pc=0x000002702ecc7c9c sp=0x000000fbff7f9e40
Event: 84.289 Thread 0x0000027040f0e800 DEOPT UNPACKING pc=0x000002702715662f sp=0x000000fbff7f9da8 mode 2
Event: 84.327 Thread 0x0000027040f10000 Uncommon trap: trap_request=0xffffff4d fr.pc=0x000002702ee31494 relative=0x0000000000000234
Event: 84.327 Thread 0x0000027040f10000 Uncommon trap: reason=unstable_if action=reinterpret pc=0x000002702ee31494 method=com.esotericsoftware.kryo.io.Output.writeString(Ljava/lang/CharSequence;)V @ 50 c2
Event: 84.327 Thread 0x0000027040f10000 DEOPT PACKING pc=0x000002702ee31494 sp=0x000000fbffdfe1e0
Event: 84.327 Thread 0x0000027040f10000 DEOPT UNPACKING pc=0x000002702715662f sp=0x000000fbffdfe160 mode 2
Event: 84.331 Thread 0x0000027040f10000 Uncommon trap: trap_request=0xffffff7e fr.pc=0x000002702f001648 relative=0x0000000000000188
Event: 84.331 Thread 0x0000027040f10000 Uncommon trap: reason=predicate action=maybe_recompile pc=0x000002702f001648 method=java.util.Collections.indexedBinarySearch(Ljava/util/List;Ljava/lang/Object;)I @ 13 c2
Event: 84.331 Thread 0x0000027040f10000 DEOPT PACKING pc=0x000002702f001648 sp=0x000000fbffdfe450
Event: 84.331 Thread 0x0000027040f10000 DEOPT UNPACKING pc=0x000002702715662f sp=0x000000fbffdfe3e0 mode 2
Event: 84.550 Thread 0x0000027040f0e800 DEOPT PACKING pc=0x000002702893d776 sp=0x000000fbff7f7d00
Event: 84.550 Thread 0x0000027040f0e800 DEOPT UNPACKING pc=0x0000027027156dde sp=0x000000fbff7f7220 mode 0

Classes redefined (0 events):
No events

Internal exceptions (20 events):
Event: 81.382 Thread 0x000002703e870800 Exception <a 'java/lang/NoSuchMethodError'{0x0000000085988f48}: <clinit>> (0x0000000085988f48) thrown at [./src/hotspot/share/prims/jni.cpp, line 1362]
Event: 81.383 Thread 0x000002703e870800 Exception <a 'java/lang/NoSuchMethodError'{0x00000000859946e0}: <clinit>> (0x00000000859946e0) thrown at [./src/hotspot/share/prims/jni.cpp, line 1362]
Event: 81.388 Thread 0x000002703e870800 Exception <a 'java/lang/NoSuchMethodError'{0x00000000859a11e0}: <clinit>> (0x00000000859a11e0) thrown at [./src/hotspot/share/prims/jni.cpp, line 1362]
Event: 81.389 Thread 0x000002703e870800 Exception <a 'java/lang/NoSuchMethodError'{0x00000000859b4f98}: <clinit>> (0x00000000859b4f98) thrown at [./src/hotspot/share/prims/jni.cpp, line 1362]
Event: 81.389 Thread 0x000002703e870800 Exception <a 'java/lang/NoSuchMethodError'{0x00000000859d7ba8}: <clinit>> (0x00000000859d7ba8) thrown at [./src/hotspot/share/prims/jni.cpp, line 1362]
Event: 81.435 Thread 0x0000027040f08000 Exception <a 'java/lang/NoSuchMethodError'{0x0000000087db4300}: <clinit>> (0x0000000087db4300) thrown at [./src/hotspot/share/prims/jni.cpp, line 1362]
Event: 81.440 Thread 0x0000027040f08000 Exception <a 'java/lang/NoSuchMethodError'{0x0000000087ddbae0}: <clinit>> (0x0000000087ddbae0) thrown at [./src/hotspot/share/prims/jni.cpp, line 1362]
Event: 81.445 Thread 0x0000027040f08000 Exception <a 'java/lang/NoSuchMethodError'{0x0000000087c183a0}: <clinit>> (0x0000000087c183a0) thrown at [./src/hotspot/share/prims/jni.cpp, line 1362]
Event: 81.512 Thread 0x000002703e870800 Exception <a 'java/lang/NoSuchMethodError'{0x0000000087a1c9f0}: <clinit>> (0x0000000087a1c9f0) thrown at [./src/hotspot/share/prims/jni.cpp, line 1362]
Event: 81.649 Thread 0x000002703e6d0800 Exception <a 'java/lang/NoSuchMethodError'{0x0000000087910c58}: 'java.lang.Object java.lang.invoke.Invokers$Holder.linkToTargetMethod(java.lang.Object, java.lang.Object, java.lang.Object, int, java.lang.Object, java.lang.Object)'> (0x0000000087910c58) thrown at [./src/hotspot/share/interpreter/linkResolver.cpp, line 773]
Event: 82.155 Thread 0x0000027042e44000 Exception <a 'java/lang/NoSuchMethodError'{0x0000000086bae950}: 'java.lang.Object java.lang.invoke.DirectMethodHandle$Holder.invokeSpecialIFC(java.lang.Object, java.lang.Object, java.lang.Object)'> (0x0000000086bae950) thrown at [./src/hotspot/share/interpreter/linkResolver.cpp, line 773]
Event: 82.155 Thread 0x0000027042e42800 Exception <a 'java/lang/NoSuchMethodError'{0x0000000086b1e030}: 'java.lang.Object java.lang.invoke.DirectMethodHandle$Holder.invokeSpecialIFC(java.lang.Object, java.lang.Object, java.lang.Object)'> (0x0000000086b1e030) thrown at [./src/hotspot/share/interpreter/linkResolver.cpp, line 773]
Event: 82.155 Thread 0x0000027042e41000 Exception <a 'java/lang/NoSuchMethodError'{0x0000000086b3ac88}: 'java.lang.Object java.lang.invoke.DirectMethodHandle$Holder.invokeSpecialIFC(java.lang.Object, java.lang.Object, java.lang.Object)'> (0x0000000086b3ac88) thrown at [./src/hotspot/share/interpreter/linkResolver.cpp, line 773]
Event: 82.155 Thread 0x0000027042e3e800 Exception <a 'java/lang/NoSuchMethodError'{0x0000000086bf5988}: 'java.lang.Object java.lang.invoke.DirectMethodHandle$Holder.invokeSpecialIFC(java.lang.Object, java.lang.Object, java.lang.Object)'> (0x0000000086bf5988) thrown at [./src/hotspot/share/interpreter/linkResolver.cpp, line 773]
Event: 82.156 Thread 0x0000027042e40000 Exception <a 'java/lang/NoSuchMethodError'{0x0000000086b65ee8}: 'java.lang.Object java.lang.invoke.DirectMethodHandle$Holder.invokeSpecialIFC(java.lang.Object, java.lang.Object, java.lang.Object)'> (0x0000000086b65ee8) thrown at [./src/hotspot/share/interpreter/linkResolver.cpp, line 773]
Event: 82.222 Thread 0x0000027042e41800 Exception <a 'java/lang/NoSuchMethodError'{0x00000000867c4898}: 'int java.lang.invoke.DirectMethodHandle$Holder.invokeStaticInit(java.lang.Object, java.lang.Object, java.lang.Object, java.lang.Object, java.lang.Object)'> (0x00000000867c4898) thrown at [./src/hotspot/share/interpreter/linkResolver.cpp, line 773]
Event: 83.100 Thread 0x000002703e6d0800 Exception <a 'java/lang/IncompatibleClassChangeError'{0x0000000086519460}: Found class java.lang.Object, but interface was expected> (0x0000000086519460) thrown at [./src/hotspot/share/interpreter/linkResolver.cpp, line 839]
Event: 83.701 Thread 0x0000027040f0e800 Exception <a 'java/lang/NoSuchMethodError'{0x0000000087b892e0}: 'void java.lang.invoke.DirectMethodHandle$Holder.invokeVirtual(java.lang.Object, java.lang.Object)'> (0x0000000087b892e0) thrown at [./src/hotspot/share/interpreter/linkResolver.cpp, line 773]
Event: 84.318 Thread 0x0000027040f0e800 Exception <a 'java/lang/NoSuchMethodError'{0x0000000086b4bf40}: 'void java.lang.invoke.DirectMethodHandle$Holder.invokeStatic(java.lang.Object, java.lang.Object, java.lang.Object, java.lang.Object, java.lang.Object, java.lang.Object, java.lang.Object)'> (0x0000000086b4bf40) thrown at [./src/hotspot/share/interpreter/linkResolver.cpp, line 773]
Event: 84.339 Thread 0x000002703e870800 Exception <a 'java/lang/NoSuchMethodError'{0x0000000086a049b8}: <clinit>> (0x0000000086a049b8) thrown at [./src/hotspot/share/prims/jni.cpp, line 1362]

Events (20 events):
Event: 85.011 loading class kotlin/reflect/jvm/internal/impl/incremental/components/NoLookupLocation done
Event: 85.013 loading class kotlin/reflect/jvm/internal/impl/descriptors/PackageFragmentProviderKt
Event: 85.013 loading class kotlin/reflect/jvm/internal/impl/descriptors/PackageFragmentProviderKt done
Event: 85.014 loading class kotlin/reflect/jvm/internal/impl/descriptors/runtime/structure/ReflectJavaPackage
Event: 85.014 loading class kotlin/reflect/jvm/internal/impl/descriptors/runtime/structure/ReflectJavaPackage done
Event: 85.016 loading class kotlin/reflect/jvm/internal/impl/load/java/structure/JavaPackage
Event: 85.016 loading class kotlin/reflect/jvm/internal/impl/load/java/structure/JavaPackage done
Event: 85.017 loading class kotlin/reflect/jvm/internal/impl/load/java/structure/JavaAnnotationOwner
Event: 85.017 loading class kotlin/reflect/jvm/internal/impl/load/java/structure/JavaAnnotationOwner done
Event: 85.017 loading class kotlin/reflect/jvm/internal/impl/load/java/structure/JavaElement
Event: 85.017 loading class kotlin/reflect/jvm/internal/impl/load/java/structure/JavaElement done
Event: 85.018 loading class kotlin/reflect/jvm/internal/impl/descriptors/runtime/structure/ReflectJavaElement
Event: 85.018 loading class kotlin/reflect/jvm/internal/impl/descriptors/runtime/structure/ReflectJavaElement done
Event: 85.019 loading class kotlin/reflect/jvm/internal/impl/load/java/lazy/LazyJavaPackageFragmentProvider$getPackageFragment$1
Event: 85.019 loading class kotlin/reflect/jvm/internal/impl/load/java/lazy/LazyJavaPackageFragmentProvider$getPackageFragment$1 done
Event: 85.020 loading class kotlin/reflect/jvm/internal/impl/storage/LockBasedStorageManager$KeyWithComputation
Event: 85.020 loading class kotlin/reflect/jvm/internal/impl/storage/LockBasedStorageManager$KeyWithComputation done
Event: 85.021 loading class kotlin/reflect/jvm/internal/impl/load/java/lazy/descriptors/LazyJavaPackageFragment
Event: 85.021 loading class kotlin/reflect/jvm/internal/impl/load/java/lazy/descriptors/LazyJavaPackageFragment done
Event: 85.022 Executing VM operation: CollectForMetadataAllocation


Dynamic libraries:
0x00007ff709d10000 - 0x00007ff709d1a000 	C:\Program Files\Android\Android Studio\jre\bin\java.exe
0x00007ffa7a520000 - 0x00007ffa7a70d000 	C:\Windows\SYSTEM32\ntdll.dll
0x00007ffa50270000 - 0x00007ffa50287000 	C:\Program Files\Avast Software\Avast\aswhook.dll
0x00007ffa78ea0000 - 0x00007ffa78f53000 	C:\Windows\System32\KERNEL32.DLL
0x00007ffa773b0000 - 0x00007ffa77645000 	C:\Windows\System32\KERNELBASE.dll
0x00007ffa77110000 - 0x00007ffa7720a000 	C:\Windows\System32\ucrtbase.dll
0x00007ffa25700000 - 0x00007ffa25717000 	C:\Program Files\Android\Android Studio\jre\bin\VCRUNTIME140.dll
0x00007ffa244a0000 - 0x00007ffa244b9000 	C:\Program Files\Android\Android Studio\jre\bin\jli.dll
0x00007ffa7a1a0000 - 0x00007ffa7a337000 	C:\Windows\System32\USER32.dll
0x00007ffa77650000 - 0x00007ffa77670000 	C:\Windows\System32\win32u.dll
0x00007ffa79ee0000 - 0x00007ffa79f09000 	C:\Windows\System32\GDI32.dll
0x00007ffa77210000 - 0x00007ffa773ab000 	C:\Windows\System32\gdi32full.dll
0x00007ffa77670000 - 0x00007ffa77710000 	C:\Windows\System32\msvcp_win.dll
0x00007ffa5e5e0000 - 0x00007ffa5e859000 	C:\Windows\WinSxS\amd64_microsoft.windows.common-controls_6595b64144ccf1df_6.0.17763.1339_none_de7015e4534c7114\COMCTL32.dll
0x00007ffa79fd0000 - 0x00007ffa7a06e000 	C:\Windows\System32\msvcrt.dll
0x00007ffa79520000 - 0x00007ffa7984c000 	C:\Windows\System32\combase.dll
0x00007ffa793f0000 - 0x00007ffa79512000 	C:\Windows\System32\RPCRT4.dll
0x00007ffa77040000 - 0x00007ffa770be000 	C:\Windows\System32\bcryptPrimitives.dll
0x00007ffa7a490000 - 0x00007ffa7a4be000 	C:\Windows\System32\IMM32.DLL
0x000000006b370000 - 0x000000006b37c000 	C:\Program Files (x86)\360\Total Security\safemon\SafeWrapper.dll
0x00007ffa78c70000 - 0x00007ffa78d13000 	C:\Windows\System32\ADVAPI32.dll
0x00007ffa78d20000 - 0x00007ffa78dbe000 	C:\Windows\System32\sechost.dll
0x00007ffa3a7c0000 - 0x00007ffa3a852000 	C:\Program Files (x86)\360\Total Security\safemon\libzdtp64.dll
0x00007ffa77770000 - 0x00007ffa78c68000 	C:\Windows\System32\SHELL32.dll
0x00007ffa770c0000 - 0x00007ffa7710a000 	C:\Windows\System32\cfgmgr32.dll
0x00007ffa79860000 - 0x00007ffa79909000 	C:\Windows\System32\shcore.dll
0x00007ffa768e0000 - 0x00007ffa77034000 	C:\Windows\System32\windows.storage.dll
0x00007ffa765b0000 - 0x00007ffa765d4000 	C:\Windows\System32\profapi.dll
0x00007ffa76550000 - 0x00007ffa765ad000 	C:\Windows\System32\powrprof.dll
0x00007ffa7a4c0000 - 0x00007ffa7a512000 	C:\Windows\System32\shlwapi.dll
0x00007ffa76530000 - 0x00007ffa76541000 	C:\Windows\System32\kernel.appcore.dll
0x00007ffa766e0000 - 0x00007ffa766f7000 	C:\Windows\System32\cryptsp.dll
0x00007ffa76120000 - 0x00007ffa7612a000 	C:\Windows\SYSTEM32\VERSION.dll
0x00007ffa118c0000 - 0x00007ffa1195d000 	C:\Program Files\Android\Android Studio\jre\bin\msvcp140.dll
0x00007ffa249f0000 - 0x00007ffa254c5000 	C:\Program Files\Android\Android Studio\jre\bin\server\jvm.dll
0x00007ffa78dc0000 - 0x00007ffa78dc8000 	C:\Windows\System32\PSAPI.DLL
0x00007ffa72690000 - 0x00007ffa726b4000 	C:\Windows\SYSTEM32\WINMM.dll
0x00007ffa66f60000 - 0x00007ffa66f69000 	C:\Windows\SYSTEM32\WSOCK32.dll
0x00007ffa7a420000 - 0x00007ffa7a48d000 	C:\Windows\System32\WS2_32.dll
0x00007ffa72660000 - 0x00007ffa7268d000 	C:\Windows\SYSTEM32\WINMMBASE.dll
0x00007ffa59720000 - 0x00007ffa59731000 	C:\Program Files\Android\Android Studio\jre\bin\verify.dll
0x00007ffa74e30000 - 0x00007ffa7501d000 	C:\Windows\SYSTEM32\DBGHELP.DLL
0x00007ffa6d000000 - 0x00007ffa6d02a000 	C:\Windows\SYSTEM32\dbgcore.DLL
0x00007ffa596f0000 - 0x00007ffa59719000 	C:\Program Files\Android\Android Studio\jre\bin\java.dll
0x00007ffa596e0000 - 0x00007ffa596eb000 	C:\Program Files\Android\Android Studio\jre\bin\jimage.dll
0x00007ffa596c0000 - 0x00007ffa596d8000 	C:\Program Files\Android\Android Studio\jre\bin\zip.dll
0x00007ffa596a0000 - 0x00007ffa596ba000 	C:\Program Files\Android\Android Studio\jre\bin\net.dll
0x00007ffa73f80000 - 0x00007ffa74072000 	C:\Windows\SYSTEM32\WINHTTP.dll
0x00007ffa75d20000 - 0x00007ffa75d87000 	C:\Windows\system32\mswsock.dll
0x00007ffa59680000 - 0x00007ffa59694000 	C:\Program Files\Android\Android Studio\jre\bin\nio.dll
0x00007ffa3aed0000 - 0x00007ffa3aef7000 	C:\Users\Julia\.gradle\native\8bec1ad78214c89d9ad589b4d07fe93259594b29d510b10fafb7a158f7737e5d\windows-amd64\native-platform.dll
0x00007ffa24700000 - 0x00007ffa2483d000 	C:\Users\Julia\.gradle\native\53dbd7edfb1c66fb8903c78663c9afc45aea4f116125fa6feffd364cf09443e8\windows-amd64\native-platform-file-events.dll
0x00007ffa59670000 - 0x00007ffa5967a000 	C:\Program Files\Android\Android Studio\jre\bin\management.dll
0x00007ffa59660000 - 0x00007ffa5966d000 	C:\Program Files\Android\Android Studio\jre\bin\management_ext.dll
0x00007ffa758a0000 - 0x00007ffa758d3000 	C:\Windows\system32\rsaenh.dll
0x00007ffa76600000 - 0x00007ffa76626000 	C:\Windows\System32\bcrypt.dll
0x00007ffa76420000 - 0x00007ffa76448000 	C:\Windows\SYSTEM32\USERENV.dll
0x00007ffa75ef0000 - 0x00007ffa75efc000 	C:\Windows\SYSTEM32\CRYPTBASE.dll
0x00007ffa75a40000 - 0x00007ffa75a7d000 	C:\Windows\SYSTEM32\IPHLPAPI.DLL
0x00007ffa79850000 - 0x00007ffa79858000 	C:\Windows\System32\NSI.dll
0x00007ffa69c50000 - 0x00007ffa69c66000 	C:\Windows\SYSTEM32\dhcpcsvc6.DLL
0x00007ffa69760000 - 0x00007ffa6977c000 	C:\Windows\SYSTEM32\dhcpcsvc.DLL
0x00007ffa75a80000 - 0x00007ffa75b47000 	C:\Windows\SYSTEM32\DNSAPI.dll

dbghelp: loaded successfully - version: 4.0.5 - missing functions: none
symbol engine: initialized successfully - sym options: 0x614 - pdb path: .;C:\Program Files\Android\Android Studio\jre\bin;C:\Windows\SYSTEM32;C:\Program Files\Avast Software\Avast;C:\Windows\WinSxS\amd64_microsoft.windows.common-controls_6595b64144ccf1df_6.0.17763.1339_none_de7015e4534c7114;C:\Program Files (x86)\360\Total Security\safemon;C:\Program Files\Android\Android Studio\jre\bin\server;C:\Users\Julia\.gradle\native\8bec1ad78214c89d9ad589b4d07fe93259594b29d510b10fafb7a158f7737e5d\windows-amd64;C:\Users\Julia\.gradle\native\53dbd7edfb1c66fb8903c78663c9afc45aea4f116125fa6feffd364cf09443e8\windows-amd64

VM Arguments:
jvm_args: --add-opens=java.base/java.util=ALL-UNNAMED --add-opens=java.base/java.lang=ALL-UNNAMED --add-opens=java.base/java.lang.invoke=ALL-UNNAMED --add-opens=java.base/java.util=ALL-UNNAMED --add-opens=java.prefs/java.util.prefs=ALL-UNNAMED --add-opens=java.prefs/java.util.prefs=ALL-UNNAMED --add-opens=java.base/java.nio.charset=ALL-UNNAMED --add-opens=java.base/java.net=ALL-UNNAMED --add-opens=java.base/java.util.concurrent.atomic=ALL-UNNAMED -Xmx2048m -Dfile.encoding=UTF-8 -Duser.country=RU -Duser.language=ru -Duser.variant 
java_command: org.gradle.launcher.daemon.bootstrap.GradleDaemon 7.0.2
java_class_path (initial): C:\Users\Julia\.gradle\wrapper\dists\gradle-7.0.2-bin\857tjihv64xamwrf0h14cai3r\gradle-7.0.2\lib\gradle-launcher-7.0.2.jar
Launcher Type: SUN_STANDARD

[Global flags]
     intx CICompilerCount                          = 4                                         {product} {ergonomic}
     uint ConcGCThreads                            = 2                                         {product} {ergonomic}
     uint G1ConcRefinementThreads                  = 8                                         {product} {ergonomic}
   size_t G1HeapRegionSize                         = 1048576                                   {product} {ergonomic}
    uintx GCDrainStackTargetSize                   = 64                                        {product} {ergonomic}
   size_t InitialHeapSize                          = 132120576                                 {product} {ergonomic}
   size_t MarkStackSize                            = 4194304                                   {product} {ergonomic}
   size_t MaxHeapSize                              = 2147483648                                {product} {command line}
   size_t MaxNewSize                               = 1287651328                                {product} {ergonomic}
   size_t MinHeapDeltaBytes                        = 1048576                                   {product} {ergonomic}
    uintx NonNMethodCodeHeapSize                   = 5836300                                {pd product} {ergonomic}
    uintx NonProfiledCodeHeapSize                  = 122910970                              {pd product} {ergonomic}
    uintx ProfiledCodeHeapSize                     = 122910970                              {pd product} {ergonomic}
    uintx ReservedCodeCacheSize                    = 251658240                              {pd product} {ergonomic}
     bool SegmentedCodeCache                       = true                                      {product} {ergonomic}
     bool UseCompressedClassPointers               = true                                 {lp64_product} {ergonomic}
     bool UseCompressedOops                        = true                                 {lp64_product} {ergonomic}
     bool UseG1GC                                  = true                                      {product} {ergonomic}
     bool UseLargePagesIndividualAllocation        = false                                  {pd product} {ergonomic}

Logging:
Log output configuration:
 #0: stdout all=warning uptime,level,tags
 #1: stderr all=off uptime,level,tags

Environment Variables:
JAVA_HOME=C:\Users\Julia\.jdks\jbr-11.0.13\bin
PATH=C:\Program Files\NVIDIA GPU Computing Toolkit\CUDA\v11.6\bin;C:\Program Files\NVIDIA GPU Computing Toolkit\CUDA\v11.6\libnvvp;C:\Program Files (x86)\Common Files\Oracle\Java\javapath;C:\Windows\system32;C:\Windows;C:\Windows\System32\Wbem;C:\Windows\System32\WindowsPowerShell\v1.0\;C:\Program Files\Git\cmd;C:\Program Files\MATLAB\R2016b\runtime\win64;C:\Program Files\MATLAB\R2016b\bin;C:\Program Files\MATLAB\R2016b\polyspace\bin;C:\Program Files\NVIDIA Corporation\Nsight Compute 2022.1.1\;C:\Program Files (x86)\NVIDIA Corporation\PhysX\Common;;C:\Program Files\Docker\Docker\resources\bin;C:\ProgramData\DockerDesktop\version-bin;C:\Users\Julia\AppData\Local\Microsoft\WindowsApps;C:\intelFPGA\16.1\modelsim_ase\win32aloem;C:\intelFPGA_lite\16.1\modelsim_ase\win32aloem;C:\Program Files\JetBrains\IntelliJ IDEA Community Edition 2021.3.1\bin;;C:\Program Files\JetBrains\PyCharm Community Edition 2021.3.2\bin;;C:\Users\Julia\AppData\Local\Programs\Microsoft VS Code\bin;C:\Program Files\JetBrains\CLion 2022.1.2\bin;;C:\Users\Julia\AppData\Local\Programs\Python\Python310;C:\Program Files\Graphviz\bin
USERNAME=Julia
OS=Windows_NT
PROCESSOR_IDENTIFIER=Intel64 Family 6 Model 142 Stepping 11, GenuineIntel



---------------  S Y S T E M  ---------------

OS: Windows 10 , 64 bit Build 17763 (10.0.17763.1339)
OS uptime: 0 days 0:03 hours

CPU:total 8 (initial active 8) (4 cores per cpu, 2 threads per core) family 6 model 142 stepping 11 microcode 0xb8, cmov, cx8, fxsr, mmx, sse, sse2, sse3, ssse3, sse4.1, sse4.2, popcnt, avx, avx2, aes, clmul, erms, 3dnowpref, lzcnt, ht, tsc, tscinvbit, bmi1, bmi2, adx, fma

Memory: 4k page, system-wide physical 8037M (112M free)
TotalPageFile size 10085M (AvailPageFile size 5M)
current process WorkingSet (physical memory assigned to process): 342M, peak: 350M
current process commit charge ("private bytes"): 395M, peak: 398M

vm_info: OpenJDK 64-Bit Server VM (11.0.11+9-b60-7590822) for windows-amd64 JRE (11.0.11+9-b60-7590822), built on Jul 29 2021 21:43:44 by "builder" with MS VC++ 14.0 (VS2015)

END.
